2025-06-11 16:06:49 [INFO]: Database connected successfully.
2025-06-11 16:06:49 [INFO]: Database synchronized.
2025-06-11 16:06:49 [INFO]: Server running at http://localhost:3434
2025-06-11 16:09:26 [INFO]: Database connected successfully.
2025-06-11 16:09:26 [INFO]: Database synchronized.
2025-06-11 16:09:26 [INFO]: Server running at http://localhost:3434
2025-06-11 16:09:34 [INFO]: Database connected successfully.
2025-06-11 16:09:34 [INFO]: Database synchronized.
2025-06-11 16:09:34 [INFO]: Server running at http://localhost:3434
2025-06-11 16:09:38 [INFO]: Database connected successfully.
2025-06-11 16:09:38 [INFO]: Database synchronized.
2025-06-11 16:09:38 [INFO]: Server running at http://localhost:3434
2025-06-11 16:09:43 [INFO]: Database connected successfully.
2025-06-11 16:09:43 [INFO]: Database synchronized.
2025-06-11 16:09:43 [INFO]: Server running at http://localhost:3434
2025-06-11 16:09:48 [INFO]: Database connected successfully.
2025-06-11 16:09:48 [INFO]: Database synchronized.
2025-06-11 16:09:48 [INFO]: Server running at http://localhost:3434
2025-06-11 16:09:52 [INFO]: Database connected successfully.
2025-06-11 16:09:52 [INFO]: Database synchronized.
2025-06-11 16:09:52 [INFO]: Server running at http://localhost:3434
2025-06-11 16:11:13 [INFO]: Database connected successfully.
2025-06-11 16:11:14 [INFO]: Database synchronized.
2025-06-11 16:11:14 [INFO]: Server running at http://localhost:3434
2025-06-11 16:17:26 [INFO]: Database connected successfully.
2025-06-11 16:17:26 [INFO]: Database synchronized.
2025-06-11 16:17:26 [INFO]: Server running at http://localhost:3434
2025-06-11 16:17:29 [INFO]: Database connected successfully.
2025-06-11 16:17:29 [INFO]: Database synchronized.
2025-06-11 16:17:29 [INFO]: Server running at http://localhost:3434
2025-06-11 16:17:32 [INFO]: Database connected successfully.
2025-06-11 16:17:32 [INFO]: Database synchronized.
2025-06-11 16:17:32 [INFO]: Server running at http://localhost:3434
2025-06-11 16:18:00 [INFO]: Database connected successfully.
2025-06-11 16:18:00 [INFO]: Database synchronized.
2025-06-11 16:18:00 [INFO]: Server running at http://localhost:3434
2025-06-11 16:18:03 [INFO]: Database connected successfully.
2025-06-11 16:18:03 [INFO]: Database synchronized.
2025-06-11 16:18:03 [INFO]: Server running at http://localhost:3434
2025-06-11 16:19:02 [INFO]: Database connected successfully.
2025-06-11 16:19:02 [INFO]: Database synchronized.
2025-06-11 16:19:02 [INFO]: Server running at http://localhost:3434
2025-06-11 16:19:11 [INFO]: Database connected successfully.
2025-06-11 16:19:12 [INFO]: Database synchronized.
2025-06-11 16:19:12 [INFO]: Server running at http://localhost:3434
2025-06-11 16:19:15 [INFO]: Database connected successfully.
2025-06-11 16:19:15 [INFO]: Database synchronized.
2025-06-11 16:19:15 [INFO]: Server running at http://localhost:3434
2025-06-11 16:19:17 [INFO]: Database connected successfully.
2025-06-11 16:19:17 [INFO]: Database synchronized.
2025-06-11 16:19:17 [INFO]: Server running at http://localhost:3434
2025-06-11 16:19:28 [INFO]: Database connected successfully.
2025-06-11 16:19:28 [INFO]: Database synchronized.
2025-06-11 16:19:28 [INFO]: Server running at http://localhost:3434
2025-06-11 16:19:44 [INFO]: Database connected successfully.
2025-06-11 16:19:44 [INFO]: Database synchronized.
2025-06-11 16:19:44 [INFO]: Server running at http://localhost:3434
2025-06-11 16:19:45 [INFO]: Database connected successfully.
2025-06-11 16:19:45 [INFO]: Database synchronized.
2025-06-11 16:19:45 [INFO]: Server running at http://localhost:3434
2025-06-11 16:19:58 [INFO]: Database connected successfully.
2025-06-11 16:19:58 [INFO]: Database synchronized.
2025-06-11 16:19:58 [INFO]: Server running at http://localhost:3434
2025-06-11 16:20:24 [INFO]: Database connected successfully.
2025-06-11 16:20:24 [INFO]: Database synchronized.
2025-06-11 16:20:24 [INFO]: Server running at http://localhost:3434
2025-06-11 16:20:26 [INFO]: Database connected successfully.
2025-06-11 16:20:26 [INFO]: Database synchronized.
2025-06-11 16:20:26 [INFO]: Server running at http://localhost:3434
2025-06-11 16:20:42 [INFO]: Database connected successfully.
2025-06-11 16:20:42 [INFO]: Database synchronized.
2025-06-11 16:20:42 [INFO]: Server running at http://localhost:3434
2025-06-11 16:20:43 [INFO]: Database connected successfully.
2025-06-11 16:20:43 [INFO]: Database synchronized.
2025-06-11 16:20:43 [INFO]: Server running at http://localhost:3434
2025-06-11 16:20:52 [INFO]: Database connected successfully.
2025-06-11 16:20:52 [INFO]: Database synchronized.
2025-06-11 16:20:52 [INFO]: Server running at http://localhost:3434
2025-06-11 16:24:20 [INFO]: Database connected successfully.
2025-06-11 16:24:20 [INFO]: Database synchronized.
2025-06-11 16:24:20 [INFO]: Server running at http://localhost:3434
2025-06-11 16:24:48 [INFO]: Database connected successfully.
2025-06-11 16:24:48 [INFO]: Database synchronized.
2025-06-11 16:24:48 [INFO]: Server running at http://localhost:3434
2025-06-11 16:26:28 [INFO]: Database connected successfully.
2025-06-11 16:26:28 [INFO]: Database synchronized.
2025-06-11 16:26:28 [INFO]: Server running at http://localhost:3434
2025-06-11 16:26:41 [INFO]: Database connected successfully.
2025-06-11 16:26:41 [INFO]: Database synchronized.
2025-06-11 16:26:41 [INFO]: Server running at http://localhost:3434
2025-06-11 16:26:54 [INFO]: Database connected successfully.
2025-06-11 16:26:54 [INFO]: Database synchronized.
2025-06-11 16:26:54 [INFO]: Server running at http://localhost:3434
2025-06-11 16:27:24 [INFO]: Database connected successfully.
2025-06-11 16:27:24 [INFO]: Database synchronized.
2025-06-11 16:27:24 [INFO]: Server running at http://localhost:3434
2025-06-11 16:27:26 [INFO]: Database connected successfully.
2025-06-11 16:27:26 [INFO]: Database synchronized.
2025-06-11 16:27:26 [INFO]: Server running at http://localhost:3434
2025-06-11 16:27:31 [INFO]: Database connected successfully.
2025-06-11 16:27:32 [INFO]: Database synchronized.
2025-06-11 16:27:32 [INFO]: Server running at http://localhost:3434
2025-06-11 16:27:34 [INFO]: Database connected successfully.
2025-06-11 16:27:34 [INFO]: Database synchronized.
2025-06-11 16:27:34 [INFO]: Server running at http://localhost:3434
2025-06-11 16:27:38 [INFO]: Database connected successfully.
2025-06-11 16:27:38 [INFO]: Database synchronized.
2025-06-11 16:27:38 [INFO]: Server running at http://localhost:3434
2025-06-11 16:27:42 [INFO]: Database connected successfully.
2025-06-11 16:27:42 [INFO]: Database synchronized.
2025-06-11 16:27:42 [INFO]: Server running at http://localhost:3434
2025-06-11 16:28:32 [INFO]: Database connected successfully.
2025-06-11 16:28:32 [INFO]: Database synchronized.
2025-06-11 16:28:32 [INFO]: Server running at http://localhost:3434
2025-06-11 16:28:40 [INFO]: Database connected successfully.
2025-06-11 16:28:41 [INFO]: Database synchronized.
2025-06-11 16:28:41 [INFO]: Server running at http://localhost:3434
2025-06-11 16:32:51 [INFO]: Database connected successfully.
2025-06-11 16:32:51 [INFO]: Database synchronized.
2025-06-11 16:32:51 [INFO]: Server running at http://localhost:3434
2025-06-11 16:33:01 [INFO]: Database connected successfully.
2025-06-11 16:33:01 [INFO]: Database synchronized.
2025-06-11 16:33:01 [INFO]: Server running at http://localhost:3434
2025-06-11 16:33:05 [INFO]: Database connected successfully.
2025-06-11 16:33:05 [INFO]: Database synchronized.
2025-06-11 16:33:05 [INFO]: Server running at http://localhost:3434
2025-06-11 16:33:24 [INFO]: Database connected successfully.
2025-06-11 16:33:24 [INFO]: Database synchronized.
2025-06-11 16:33:24 [INFO]: Server running at http://localhost:3434
2025-06-11 16:33:26 [INFO]: Database connected successfully.
2025-06-11 16:33:26 [INFO]: Database synchronized.
2025-06-11 16:33:26 [INFO]: Server running at http://localhost:3434
2025-06-11 16:34:43 [INFO]: Database connected successfully.
2025-06-11 16:34:43 [INFO]: Database synchronized.
2025-06-11 16:34:43 [INFO]: Server running at http://localhost:3434
2025-06-11 16:37:10 [INFO]: Database connected successfully.
2025-06-11 16:37:10 [INFO]: Database synchronized.
2025-06-11 16:37:10 [INFO]: Server running at http://localhost:3434
2025-06-11 16:37:12 [INFO]: Database connected successfully.
2025-06-11 16:37:12 [INFO]: Database synchronized.
2025-06-11 16:37:12 [INFO]: Server running at http://localhost:3434
2025-06-11 16:37:13 [INFO]: Database connected successfully.
2025-06-11 16:37:14 [INFO]: Database synchronized.
2025-06-11 16:37:14 [INFO]: Server running at http://localhost:3434
2025-06-11 16:37:28 [INFO]: Database connected successfully.
2025-06-11 16:37:28 [INFO]: Database synchronized.
2025-06-11 16:37:28 [INFO]: Server running at http://localhost:3434
2025-06-11 16:37:29 [INFO]: Database connected successfully.
2025-06-11 16:37:30 [INFO]: Database synchronized.
2025-06-11 16:37:30 [INFO]: Server running at http://localhost:3434
2025-06-11 16:37:34 [INFO]: Database connected successfully.
2025-06-11 16:37:34 [INFO]: Database synchronized.
2025-06-11 16:37:34 [INFO]: Server running at http://localhost:3434
2025-06-11 16:37:40 [INFO]: Database connected successfully.
2025-06-11 16:37:40 [INFO]: Database synchronized.
2025-06-11 16:37:40 [INFO]: Server running at http://localhost:3434
2025-06-11 16:37:49 [INFO]: Database connected successfully.
2025-06-11 16:37:49 [INFO]: Database synchronized.
2025-06-11 16:37:49 [INFO]: Server running at http://localhost:3434
2025-06-11 16:37:51 [INFO]: Database connected successfully.
2025-06-11 16:37:51 [INFO]: Database synchronized.
2025-06-11 16:37:51 [INFO]: Server running at http://localhost:3434
2025-06-11 16:39:45 [INFO]: Database connected successfully.
2025-06-11 16:39:46 [INFO]: Database synchronized.
2025-06-11 16:39:46 [INFO]: Server running at http://localhost:3434
2025-06-11 16:39:56 [INFO]: Database connected successfully.
2025-06-11 16:39:56 [INFO]: Database synchronized.
2025-06-11 16:39:56 [INFO]: Server running at http://localhost:3434
2025-06-11 16:40:08 [INFO]: Database connected successfully.
2025-06-11 16:40:08 [INFO]: Database synchronized.
2025-06-11 16:40:08 [INFO]: Server running at http://localhost:3434
2025-06-11 16:40:17 [INFO]: Database connected successfully.
2025-06-11 16:40:17 [INFO]: Database synchronized.
2025-06-11 16:40:17 [INFO]: Server running at http://localhost:3434
2025-06-11 16:40:20 [INFO]: Database connected successfully.
2025-06-11 16:40:20 [INFO]: Database synchronized.
2025-06-11 16:40:20 [INFO]: Server running at http://localhost:3434
2025-06-11 16:40:27 [INFO]: Database connected successfully.
2025-06-11 16:40:27 [INFO]: Database synchronized.
2025-06-11 16:40:27 [INFO]: Server running at http://localhost:3434
2025-06-11 16:40:31 [INFO]: Database connected successfully.
2025-06-11 16:40:31 [INFO]: Database synchronized.
2025-06-11 16:40:31 [INFO]: Server running at http://localhost:3434
2025-06-11 16:40:35 [INFO]: Database connected successfully.
2025-06-11 16:40:35 [INFO]: Database synchronized.
2025-06-11 16:40:35 [INFO]: Server running at http://localhost:3434
2025-06-11 16:40:37 [INFO]: Database connected successfully.
2025-06-11 16:40:37 [INFO]: Database synchronized.
2025-06-11 16:40:37 [INFO]: Server running at http://localhost:3434
2025-06-11 16:40:40 [INFO]: Database connected successfully.
2025-06-11 16:40:40 [INFO]: Database synchronized.
2025-06-11 16:40:40 [INFO]: Server running at http://localhost:3434
2025-06-11 16:40:44 [INFO]: Database connected successfully.
2025-06-11 16:40:45 [INFO]: Database synchronized.
2025-06-11 16:40:45 [INFO]: Server running at http://localhost:3434
2025-06-11 16:40:47 [INFO]: Database connected successfully.
2025-06-11 16:40:47 [INFO]: Database synchronized.
2025-06-11 16:40:47 [INFO]: Server running at http://localhost:3434
2025-06-11 16:42:38 [INFO]: Database connected successfully.
2025-06-11 16:42:38 [INFO]: Database synchronized.
2025-06-11 16:42:38 [INFO]: Server running at http://localhost:3434
2025-06-11 16:42:43 [INFO]: Database connected successfully.
2025-06-11 16:42:43 [INFO]: Database synchronized.
2025-06-11 16:42:43 [INFO]: Server running at http://localhost:3434
2025-06-11 16:42:47 [INFO]: Database connected successfully.
2025-06-11 16:42:47 [INFO]: Database synchronized.
2025-06-11 16:42:47 [INFO]: Server running at http://localhost:3434
2025-06-11 16:42:49 [INFO]: Database connected successfully.
2025-06-11 16:42:49 [INFO]: Database synchronized.
2025-06-11 16:42:49 [INFO]: Server running at http://localhost:3434
2025-06-11 16:42:51 [INFO]: Database connected successfully.
2025-06-11 16:42:51 [INFO]: Database synchronized.
2025-06-11 16:42:51 [INFO]: Server running at http://localhost:3434
2025-06-11 16:42:54 [INFO]: Database connected successfully.
2025-06-11 16:42:54 [INFO]: Database synchronized.
2025-06-11 16:42:54 [INFO]: Server running at http://localhost:3434
2025-06-11 16:42:58 [INFO]: Database connected successfully.
2025-06-11 16:42:58 [INFO]: Database synchronized.
2025-06-11 16:42:58 [INFO]: Server running at http://localhost:3434
2025-06-11 16:43:01 [INFO]: Database connected successfully.
2025-06-11 16:43:02 [INFO]: Database synchronized.
2025-06-11 16:43:02 [INFO]: Server running at http://localhost:3434
2025-06-11 16:43:04 [INFO]: Database connected successfully.
2025-06-11 16:43:05 [INFO]: Database synchronized.
2025-06-11 16:43:05 [INFO]: Server running at http://localhost:3434
2025-06-11 16:43:08 [INFO]: Database connected successfully.
2025-06-11 16:43:09 [INFO]: Database synchronized.
2025-06-11 16:43:09 [INFO]: Server running at http://localhost:3434
2025-06-11 16:43:14 [INFO]: Database connected successfully.
2025-06-11 16:43:14 [INFO]: Database synchronized.
2025-06-11 16:43:14 [INFO]: Server running at http://localhost:3434
2025-06-11 16:43:16 [INFO]: Database connected successfully.
2025-06-11 16:43:16 [INFO]: Database synchronized.
2025-06-11 16:43:16 [INFO]: Server running at http://localhost:3434
2025-06-11 16:43:23 [INFO]: Database connected successfully.
2025-06-11 16:43:23 [INFO]: Database synchronized.
2025-06-11 16:43:23 [INFO]: Server running at http://localhost:3434
2025-06-11 16:43:25 [INFO]: Database connected successfully.
2025-06-11 16:43:25 [INFO]: Database synchronized.
2025-06-11 16:43:25 [INFO]: Server running at http://localhost:3434
2025-06-11 16:43:41 [INFO]: Database connected successfully.
2025-06-11 16:43:41 [INFO]: Database synchronized.
2025-06-11 16:43:41 [INFO]: Server running at http://localhost:3434
2025-06-11 16:43:45 [INFO]: Database connected successfully.
2025-06-11 16:43:46 [INFO]: Database synchronized.
2025-06-11 16:43:46 [INFO]: Server running at http://localhost:3434
2025-06-11 16:43:49 [INFO]: Database connected successfully.
2025-06-11 16:43:49 [INFO]: Database synchronized.
2025-06-11 16:43:49 [INFO]: Server running at http://localhost:3434
2025-06-11 16:43:52 [INFO]: Database connected successfully.
2025-06-11 16:43:52 [INFO]: Database synchronized.
2025-06-11 16:43:52 [INFO]: Server running at http://localhost:3434
2025-06-11 16:43:54 [INFO]: Database connected successfully.
2025-06-11 16:43:54 [INFO]: Database synchronized.
2025-06-11 16:43:54 [INFO]: Server running at http://localhost:3434
2025-06-11 16:43:58 [INFO]: Database connected successfully.
2025-06-11 16:43:59 [INFO]: Database synchronized.
2025-06-11 16:43:59 [INFO]: Server running at http://localhost:3434
2025-06-11 16:44:01 [INFO]: Database connected successfully.
2025-06-11 16:44:02 [INFO]: Database synchronized.
2025-06-11 16:44:02 [INFO]: Server running at http://localhost:3434
2025-06-11 16:44:08 [INFO]: Database connected successfully.
2025-06-11 16:44:09 [INFO]: Database synchronized.
2025-06-11 16:44:09 [INFO]: Server running at http://localhost:3434
2025-06-11 16:44:10 [INFO]: Database connected successfully.
2025-06-11 16:44:11 [INFO]: Database synchronized.
2025-06-11 16:44:11 [INFO]: Server running at http://localhost:3434
2025-06-11 16:44:14 [INFO]: Database connected successfully.
2025-06-11 16:44:15 [INFO]: Database synchronized.
2025-06-11 16:44:15 [INFO]: Server running at http://localhost:3434
2025-06-11 16:44:20 [INFO]: Database connected successfully.
2025-06-11 16:44:20 [INFO]: Database synchronized.
2025-06-11 16:44:20 [INFO]: Server running at http://localhost:3434
2025-06-11 16:44:26 [INFO]: Database connected successfully.
2025-06-11 16:44:26 [INFO]: Database synchronized.
2025-06-11 16:44:26 [INFO]: Server running at http://localhost:3434
2025-06-11 16:44:27 [INFO]: Database connected successfully.
2025-06-11 16:44:28 [INFO]: Database synchronized.
2025-06-11 16:44:28 [INFO]: Server running at http://localhost:3434
2025-06-11 16:44:29 [INFO]: Database connected successfully.
2025-06-11 16:44:29 [INFO]: Database synchronized.
2025-06-11 16:44:29 [INFO]: Server running at http://localhost:3434
2025-06-11 16:44:32 [INFO]: Database connected successfully.
2025-06-11 16:44:32 [INFO]: Database synchronized.
2025-06-11 16:44:32 [INFO]: Server running at http://localhost:3434
2025-06-11 16:44:34 [INFO]: Database connected successfully.
2025-06-11 16:44:34 [INFO]: Database synchronized.
2025-06-11 16:44:34 [INFO]: Server running at http://localhost:3434
2025-06-11 16:44:37 [INFO]: Database connected successfully.
2025-06-11 16:44:38 [INFO]: Database synchronized.
2025-06-11 16:44:38 [INFO]: Server running at http://localhost:3434
2025-06-11 16:44:43 [INFO]: Database connected successfully.
2025-06-11 16:44:43 [INFO]: Database synchronized.
2025-06-11 16:44:43 [INFO]: Server running at http://localhost:3434
2025-06-11 16:44:48 [INFO]: Database connected successfully.
2025-06-11 16:44:48 [INFO]: Database synchronized.
2025-06-11 16:44:48 [INFO]: Server running at http://localhost:3434
2025-06-11 16:50:57 [INFO]: Database connected successfully.
2025-06-11 16:50:57 [INFO]: Database synchronized.
2025-06-11 16:50:57 [INFO]: Server running at http://localhost:3434
2025-06-11 16:55:02 [INFO]: Database connected successfully.
2025-06-11 16:55:02 [INFO]: Database synchronized.
2025-06-11 16:55:02 [INFO]: Server running at http://localhost:3434
2025-06-11 16:58:29 [INFO]: Database connected successfully.
2025-06-11 16:58:30 [INFO]: Database synchronized.
2025-06-11 16:58:30 [INFO]: Server running at http://localhost:3434
2025-06-11 16:58:41 [INFO]: Database connected successfully.
2025-06-11 16:58:42 [INFO]: Database synchronized.
2025-06-11 16:58:42 [INFO]: Server running at http://localhost:3434
2025-06-11 16:58:49 [INFO]: Database connected successfully.
2025-06-11 16:58:49 [INFO]: Database synchronized.
2025-06-11 16:58:49 [INFO]: Server running at http://localhost:3434
2025-06-11 17:03:17 [INFO]: Database connected successfully.
2025-06-11 17:03:18 [INFO]: Database synchronized.
2025-06-11 17:03:18 [INFO]: Server running at http://localhost:3434
2025-06-11 17:03:45 [INFO]: Database connected successfully.
2025-06-11 17:03:46 [INFO]: Database synchronized.
2025-06-11 17:03:46 [INFO]: Server running at http://localhost:3434
2025-06-11 17:03:49 [INFO]: Database connected successfully.
2025-06-11 17:03:49 [INFO]: Database synchronized.
2025-06-11 17:03:49 [INFO]: Server running at http://localhost:3434
2025-06-11 17:04:06 [INFO]: Database connected successfully.
2025-06-11 17:04:07 [INFO]: Database synchronized.
2025-06-11 17:04:07 [INFO]: Server running at http://localhost:3434
2025-06-11 17:09:19 [INFO]: Database connected successfully.
2025-06-11 17:09:19 [INFO]: Database synchronized.
2025-06-11 17:09:19 [INFO]: Server running at http://localhost:3434
2025-06-11 17:10:20 [WARN]: Not Found: /api/freelancer-skills
2025-06-11 17:10:47 [INFO]: Database connected successfully.
2025-06-11 17:10:47 [INFO]: Database synchronized.
2025-06-11 17:10:47 [INFO]: Server running at http://localhost:3434
2025-06-11 17:10:54 [WARN]: Not Found: /api/freelancerSkills
2025-06-11 17:14:42 [INFO]: Database connected successfully.
2025-06-11 17:14:42 [INFO]: Database synchronized.
2025-06-11 17:14:42 [INFO]: Server running at http://localhost:3434
2025-06-11 17:16:11 [ERROR]: POST /api/skills/ - Cannot destructure property 'name' of 'req.body' as it is undefined.
STACK: TypeError: Cannot destructure property 'name' of 'req.body' as it is undefined.
    at createSkill (file:///D:/FULLSTACK/one-lans/controllers/skills.controller.js:5:13)
    at Layer.handleRequest (D:\FULLSTACK\one-lans\node_modules\router\lib\layer.js:152:17)
    at next (D:\FULLSTACK\one-lans\node_modules\router\lib\route.js:157:13)
    at file:///D:/FULLSTACK/one-lans/middlewares/validate.js:10:5
    at Layer.handleRequest (D:\FULLSTACK\one-lans\node_modules\router\lib\layer.js:152:17)
    at next (D:\FULLSTACK\one-lans\node_modules\router\lib\route.js:157:13)
    at Route.dispatch (D:\FULLSTACK\one-lans\node_modules\router\lib\route.js:117:3)
    at handle (D:\FULLSTACK\one-lans\node_modules\router\index.js:435:11)
    at Layer.handleRequest (D:\FULLSTACK\one-lans\node_modules\router\lib\layer.js:152:17)
    at D:\FULLSTACK\one-lans\node_modules\router\index.js:295:15
2025-06-11 17:31:31 [INFO]: Database connected successfully.
2025-06-11 17:31:31 [INFO]: Database synchronized.
2025-06-11 17:31:31 [INFO]: Server running at http://localhost:3434
2025-06-11 17:31:34 [INFO]: Database connected successfully.
2025-06-11 17:31:34 [INFO]: Database synchronized.
2025-06-11 17:31:34 [INFO]: Server running at http://localhost:3434
2025-06-11 17:31:37 [INFO]: Database connected successfully.
2025-06-11 17:31:37 [INFO]: Database synchronized.
2025-06-11 17:31:37 [INFO]: Server running at http://localhost:3434
2025-06-11 17:32:01 [INFO]: Database connected successfully.
2025-06-11 17:32:01 [INFO]: Database synchronized.
2025-06-11 17:32:01 [INFO]: Server running at http://localhost:3434
2025-06-11 17:32:18 [INFO]: Database connected successfully.
2025-06-11 17:32:18 [INFO]: Database synchronized.
2025-06-11 17:32:18 [INFO]: Server running at http://localhost:3434
2025-06-11 17:39:13 [INFO]: Database connected successfully.
2025-06-11 17:39:13 [INFO]: Database synchronized.
2025-06-11 17:39:13 [INFO]: Server running at http://localhost:3434
2025-06-11 17:39:15 [INFO]: Database connected successfully.
2025-06-11 17:39:16 [INFO]: Database synchronized.
2025-06-11 17:39:16 [INFO]: Server running at http://localhost:3434
2025-06-11 17:39:39 [INFO]: Database connected successfully.
2025-06-11 17:39:39 [INFO]: Database synchronized.
2025-06-11 17:39:39 [INFO]: Server running at http://localhost:3434
2025-06-11 17:39:41 [INFO]: Database connected successfully.
2025-06-11 17:39:41 [INFO]: Database synchronized.
2025-06-11 17:39:41 [INFO]: Server running at http://localhost:3434
2025-06-11 17:40:02 [INFO]: Database connected successfully.
2025-06-11 17:40:03 [INFO]: Database synchronized.
2025-06-11 17:40:03 [INFO]: Server running at http://localhost:3434
2025-06-11 17:40:05 [INFO]: Database connected successfully.
2025-06-11 17:40:05 [INFO]: Database synchronized.
2025-06-11 17:40:05 [INFO]: Server running at http://localhost:3434
2025-06-11 17:40:28 [INFO]: Database connected successfully.
2025-06-11 17:40:28 [INFO]: Database synchronized.
2025-06-11 17:40:28 [INFO]: Server running at http://localhost:3434
2025-06-11 17:40:30 [INFO]: Database connected successfully.
2025-06-11 17:40:30 [INFO]: Database synchronized.
2025-06-11 17:40:30 [INFO]: Server running at http://localhost:3434
2025-06-11 17:41:10 [INFO]: Database connected successfully.
2025-06-11 17:41:10 [INFO]: Database synchronized.
2025-06-11 17:41:10 [INFO]: Server running at http://localhost:3434
2025-06-11 17:41:26 [INFO]: Database connected successfully.
2025-06-11 17:41:26 [INFO]: Database synchronized.
2025-06-11 17:41:26 [INFO]: Server running at http://localhost:3434
2025-06-11 17:47:57 [INFO]: Database connected successfully.
2025-06-11 17:47:57 [INFO]: Database synchronized.
2025-06-11 17:47:57 [INFO]: Server running at http://localhost:3434
2025-06-11 17:47:59 [INFO]: Database connected successfully.
2025-06-11 17:47:59 [INFO]: Database synchronized.
2025-06-11 17:47:59 [INFO]: Server running at http://localhost:3434
2025-06-11 17:48:05 [INFO]: Database connected successfully.
2025-06-11 17:48:06 [INFO]: Database synchronized.
2025-06-11 17:48:06 [INFO]: Server running at http://localhost:3434
2025-06-11 17:48:08 [INFO]: Database connected successfully.
2025-06-11 17:48:08 [INFO]: Database synchronized.
2025-06-11 17:48:08 [INFO]: Server running at http://localhost:3434
2025-06-11 17:48:10 [INFO]: Database connected successfully.
2025-06-11 17:48:10 [INFO]: Database synchronized.
2025-06-11 17:48:10 [INFO]: Server running at http://localhost:3434
2025-06-11 17:48:12 [INFO]: Database connected successfully.
2025-06-11 17:48:12 [INFO]: Database synchronized.
2025-06-11 17:48:12 [INFO]: Server running at http://localhost:3434
2025-06-11 17:48:17 [INFO]: Database connected successfully.
2025-06-11 17:48:18 [INFO]: Database synchronized.
2025-06-11 17:48:18 [INFO]: Server running at http://localhost:3434
2025-06-11 17:48:21 [INFO]: Database connected successfully.
2025-06-11 17:48:21 [INFO]: Database synchronized.
2025-06-11 17:48:21 [INFO]: Server running at http://localhost:3434
2025-06-11 17:48:26 [INFO]: Database connected successfully.
2025-06-11 17:48:26 [INFO]: Database synchronized.
2025-06-11 17:48:26 [INFO]: Server running at http://localhost:3434
2025-06-11 17:49:14 [INFO]: Database connected successfully.
2025-06-11 17:49:14 [INFO]: Database synchronized.
2025-06-11 17:49:14 [INFO]: Server running at http://localhost:3434
2025-06-11 17:49:16 [INFO]: Database connected successfully.
2025-06-11 17:49:16 [INFO]: Database synchronized.
2025-06-11 17:49:16 [INFO]: Server running at http://localhost:3434
2025-06-11 17:50:02 [INFO]: Database connected successfully.
2025-06-11 17:50:02 [INFO]: Database synchronized.
2025-06-11 17:50:02 [INFO]: Server running at http://localhost:3434
2025-06-11 17:50:04 [INFO]: Database connected successfully.
2025-06-11 17:50:04 [INFO]: Database synchronized.
2025-06-11 17:50:04 [INFO]: Server running at http://localhost:3434
2025-06-11 17:50:28 [INFO]: Database connected successfully.
2025-06-11 17:50:28 [INFO]: Database synchronized.
2025-06-11 17:50:28 [INFO]: Server running at http://localhost:3434
2025-06-11 17:50:30 [INFO]: Database connected successfully.
2025-06-11 17:50:30 [INFO]: Database synchronized.
2025-06-11 17:50:30 [INFO]: Server running at http://localhost:3434
2025-06-11 17:50:50 [INFO]: Database connected successfully.
2025-06-11 17:50:51 [INFO]: Database synchronized.
2025-06-11 17:50:51 [INFO]: Server running at http://localhost:3434
2025-06-11 17:51:02 [INFO]: Database connected successfully.
2025-06-11 17:51:02 [INFO]: Database synchronized.
2025-06-11 17:51:02 [INFO]: Server running at http://localhost:3434
2025-06-11 17:51:04 [INFO]: Database connected successfully.
2025-06-11 17:51:04 [INFO]: Database synchronized.
2025-06-11 17:51:04 [INFO]: Server running at http://localhost:3434
2025-06-11 17:51:59 [INFO]: Database connected successfully.
2025-06-11 17:51:59 [INFO]: Database synchronized.
2025-06-11 17:51:59 [INFO]: Server running at http://localhost:3434
2025-06-11 17:56:08 [INFO]: Database connected successfully.
2025-06-11 17:56:09 [INFO]: Database synchronized.
2025-06-11 17:56:09 [INFO]: Server running at http://localhost:3434
2025-06-11 17:56:20 [INFO]: Database connected successfully.
2025-06-11 17:56:21 [INFO]: Database synchronized.
2025-06-11 17:56:21 [INFO]: Server running at http://localhost:3434
2025-06-11 17:56:23 [INFO]: Database connected successfully.
2025-06-11 17:56:23 [INFO]: Database synchronized.
2025-06-11 17:56:23 [INFO]: Server running at http://localhost:3434
2025-06-11 17:57:34 [INFO]: Database connected successfully.
2025-06-11 17:57:34 [INFO]: Database synchronized.
2025-06-11 17:57:34 [INFO]: Server running at http://localhost:3434
2025-06-11 17:57:42 [INFO]: Database connected successfully.
2025-06-11 17:57:43 [INFO]: Database synchronized.
2025-06-11 17:57:43 [INFO]: Server running at http://localhost:3434
2025-06-11 17:58:08 [INFO]: Database connected successfully.
2025-06-11 17:58:08 [INFO]: Database synchronized.
2025-06-11 17:58:08 [INFO]: Server running at http://localhost:3434
2025-06-11 17:58:18 [INFO]: Database connected successfully.
2025-06-11 17:58:18 [INFO]: Database synchronized.
2025-06-11 17:58:18 [INFO]: Server running at http://localhost:3434
2025-06-11 17:58:43 [INFO]: Database connected successfully.
2025-06-11 17:58:44 [INFO]: Database synchronized.
2025-06-11 17:58:44 [INFO]: Server running at http://localhost:3434
2025-06-11 17:58:54 [INFO]: Database connected successfully.
2025-06-11 17:58:54 [INFO]: Database synchronized.
2025-06-11 17:58:54 [INFO]: Server running at http://localhost:3434
2025-06-11 17:59:17 [INFO]: Database connected successfully.
2025-06-11 17:59:18 [INFO]: Database synchronized.
2025-06-11 17:59:18 [INFO]: Server running at http://localhost:3434
2025-06-11 17:59:31 [INFO]: Database connected successfully.
2025-06-11 17:59:31 [INFO]: Database synchronized.
2025-06-11 17:59:31 [INFO]: Server running at http://localhost:3434
2025-06-11 17:59:43 [INFO]: Database connected successfully.
2025-06-11 17:59:43 [INFO]: Database synchronized.
2025-06-11 17:59:43 [INFO]: Server running at http://localhost:3434
2025-06-11 17:59:51 [INFO]: Database connected successfully.
2025-06-11 17:59:51 [INFO]: Database synchronized.
2025-06-11 17:59:51 [INFO]: Server running at http://localhost:3434
2025-06-11 18:00:00 [INFO]: Database connected successfully.
2025-06-11 18:00:01 [INFO]: Database synchronized.
2025-06-11 18:00:01 [INFO]: Server running at http://localhost:3434
2025-06-11 18:00:16 [INFO]: Database connected successfully.
2025-06-11 18:00:16 [INFO]: Database synchronized.
2025-06-11 18:00:16 [INFO]: Server running at http://localhost:3434
2025-06-11 18:00:39 [INFO]: Database connected successfully.
2025-06-11 18:00:39 [INFO]: Database synchronized.
2025-06-11 18:00:39 [INFO]: Server running at http://localhost:3434
2025-06-11 18:00:49 [INFO]: Database connected successfully.
2025-06-11 18:00:49 [INFO]: Database synchronized.
2025-06-11 18:00:49 [INFO]: Server running at http://localhost:3434
2025-06-11 18:00:54 [INFO]: Database connected successfully.
2025-06-11 18:00:54 [INFO]: Database synchronized.
2025-06-11 18:00:54 [INFO]: Server running at http://localhost:3434
2025-06-11 18:00:56 [INFO]: Database connected successfully.
2025-06-11 18:00:56 [INFO]: Database synchronized.
2025-06-11 18:00:56 [INFO]: Server running at http://localhost:3434
2025-06-11 18:00:59 [INFO]: Database connected successfully.
2025-06-11 18:01:00 [INFO]: Database synchronized.
2025-06-11 18:01:00 [INFO]: Server running at http://localhost:3434
2025-06-11 18:01:27 [INFO]: Database connected successfully.
2025-06-11 18:01:27 [INFO]: Database synchronized.
2025-06-11 18:01:27 [INFO]: Server running at http://localhost:3434
2025-06-11 18:01:41 [INFO]: Database connected successfully.
2025-06-11 18:01:41 [INFO]: Database synchronized.
2025-06-11 18:01:41 [INFO]: Server running at http://localhost:3434
2025-06-11 18:02:10 [INFO]: Database connected successfully.
2025-06-11 18:02:10 [INFO]: Database synchronized.
2025-06-11 18:02:10 [INFO]: Server running at http://localhost:3434
2025-06-11 18:02:12 [INFO]: Database connected successfully.
2025-06-11 18:02:13 [INFO]: Database synchronized.
2025-06-11 18:02:13 [INFO]: Server running at http://localhost:3434
2025-06-11 18:02:16 [INFO]: Database connected successfully.
2025-06-11 18:02:16 [INFO]: Database synchronized.
2025-06-11 18:02:16 [INFO]: Server running at http://localhost:3434
2025-06-11 18:02:20 [INFO]: Database connected successfully.
2025-06-11 18:02:20 [INFO]: Database synchronized.
2025-06-11 18:02:20 [INFO]: Server running at http://localhost:3434
2025-06-11 18:02:30 [INFO]: Database connected successfully.
2025-06-11 18:02:30 [INFO]: Database synchronized.
2025-06-11 18:02:30 [INFO]: Server running at http://localhost:3434
2025-06-11 18:02:37 [INFO]: Database connected successfully.
2025-06-11 18:02:37 [INFO]: Database synchronized.
2025-06-11 18:02:37 [INFO]: Server running at http://localhost:3434
2025-06-11 18:02:44 [INFO]: Database connected successfully.
2025-06-11 18:02:45 [INFO]: Database synchronized.
2025-06-11 18:02:45 [INFO]: Server running at http://localhost:3434
2025-06-11 18:02:53 [INFO]: Database connected successfully.
2025-06-11 18:02:53 [INFO]: Database synchronized.
2025-06-11 18:02:53 [INFO]: Server running at http://localhost:3434
2025-06-11 18:03:02 [INFO]: Database connected successfully.
2025-06-11 18:03:02 [INFO]: Database synchronized.
2025-06-11 18:03:02 [INFO]: Server running at http://localhost:3434
2025-06-11 18:03:04 [INFO]: Database connected successfully.
2025-06-11 18:03:04 [INFO]: Database synchronized.
2025-06-11 18:03:04 [INFO]: Server running at http://localhost:3434
2025-06-11 18:03:08 [INFO]: Database connected successfully.
2025-06-11 18:03:08 [INFO]: Database synchronized.
2025-06-11 18:03:08 [INFO]: Server running at http://localhost:3434
2025-06-11 18:03:10 [INFO]: Database connected successfully.
2025-06-11 18:03:10 [INFO]: Database synchronized.
2025-06-11 18:03:10 [INFO]: Server running at http://localhost:3434
2025-06-11 18:03:13 [INFO]: Database connected successfully.
2025-06-11 18:03:14 [INFO]: Database synchronized.
2025-06-11 18:03:14 [INFO]: Server running at http://localhost:3434
2025-06-11 18:03:16 [INFO]: Database connected successfully.
2025-06-11 18:03:16 [INFO]: Database synchronized.
2025-06-11 18:03:16 [INFO]: Server running at http://localhost:3434
2025-06-11 18:03:23 [INFO]: Database connected successfully.
2025-06-11 18:03:24 [INFO]: Database synchronized.
2025-06-11 18:03:24 [INFO]: Server running at http://localhost:3434
2025-06-11 18:04:00 [WARN]: Not Found: /api/status
2025-06-11 18:05:37 [INFO]: Database connected successfully.
2025-06-11 18:05:37 [INFO]: Database synchronized.
2025-06-11 18:05:37 [INFO]: Server running at http://localhost:3434
2025-06-11 18:07:21 [INFO]: Database connected successfully.
2025-06-11 18:07:21 [INFO]: Database synchronized.
2025-06-11 18:07:21 [INFO]: Server running at http://localhost:3434
2025-06-11 18:08:59 [INFO]: Database connected successfully.
2025-06-11 18:08:59 [INFO]: Database synchronized.
2025-06-11 18:08:59 [INFO]: Server running at http://localhost:3434
2025-06-11 18:09:02 [INFO]: Database connected successfully.
2025-06-11 18:09:03 [INFO]: Database synchronized.
2025-06-11 18:09:03 [INFO]: Server running at http://localhost:3434
2025-06-11 18:16:41 [INFO]: Database connected successfully.
2025-06-11 18:16:42 [INFO]: Database synchronized.
2025-06-11 18:16:42 [INFO]: Server running at http://localhost:3434
2025-06-11 18:16:45 [INFO]: Database connected successfully.
2025-06-11 18:16:45 [INFO]: Database synchronized.
2025-06-11 18:16:45 [INFO]: Server running at http://localhost:3434
2025-06-11 18:17:24 [INFO]: Database connected successfully.
2025-06-11 18:17:24 [INFO]: Database synchronized.
2025-06-11 18:17:24 [INFO]: Server running at http://localhost:3434
2025-06-11 18:17:45 [INFO]: Database connected successfully.
2025-06-11 18:17:46 [INFO]: Database synchronized.
2025-06-11 18:17:46 [INFO]: Server running at http://localhost:3434
2025-06-11 18:17:47 [INFO]: Database connected successfully.
2025-06-11 18:17:47 [INFO]: Database synchronized.
2025-06-11 18:17:47 [INFO]: Server running at http://localhost:3434
2025-06-11 18:18:07 [INFO]: Database connected successfully.
2025-06-11 18:18:08 [INFO]: Database synchronized.
2025-06-11 18:18:08 [INFO]: Server running at http://localhost:3434
2025-06-11 18:18:10 [INFO]: Database connected successfully.
2025-06-11 18:18:10 [INFO]: Database synchronized.
2025-06-11 18:18:10 [INFO]: Server running at http://localhost:3434
2025-06-11 18:18:29 [INFO]: Database connected successfully.
2025-06-11 18:18:30 [INFO]: Database synchronized.
2025-06-11 18:18:30 [INFO]: Server running at http://localhost:3434
2025-06-11 18:18:31 [INFO]: Database connected successfully.
2025-06-11 18:18:32 [INFO]: Database synchronized.
2025-06-11 18:18:32 [INFO]: Server running at http://localhost:3434
2025-06-11 18:18:42 [INFO]: Database connected successfully.
2025-06-11 18:18:43 [INFO]: Database synchronized.
2025-06-11 18:18:43 [INFO]: Server running at http://localhost:3434
2025-06-11 18:18:50 [INFO]: Database connected successfully.
2025-06-11 18:18:51 [INFO]: Database synchronized.
2025-06-11 18:18:51 [INFO]: Server running at http://localhost:3434
2025-06-11 18:18:54 [INFO]: Database connected successfully.
2025-06-11 18:18:54 [INFO]: Database synchronized.
2025-06-11 18:18:54 [INFO]: Server running at http://localhost:3434
2025-06-11 18:18:59 [INFO]: Database connected successfully.
2025-06-11 18:18:59 [INFO]: Database synchronized.
2025-06-11 18:18:59 [INFO]: Server running at http://localhost:3434
2025-06-11 18:19:03 [INFO]: Database connected successfully.
2025-06-11 18:19:03 [INFO]: Database synchronized.
2025-06-11 18:19:03 [INFO]: Server running at http://localhost:3434
2025-06-11 18:19:08 [INFO]: Database connected successfully.
2025-06-11 18:19:09 [INFO]: Database synchronized.
2025-06-11 18:19:09 [INFO]: Server running at http://localhost:3434
2025-06-11 18:19:15 [INFO]: Database connected successfully.
2025-06-11 18:19:15 [INFO]: Database synchronized.
2025-06-11 18:19:15 [INFO]: Server running at http://localhost:3434
2025-06-11 18:19:57 [INFO]: Database connected successfully.
2025-06-11 18:19:58 [INFO]: Database synchronized.
2025-06-11 18:19:58 [INFO]: Server running at http://localhost:3434
2025-06-11 18:20:17 [INFO]: Database connected successfully.
2025-06-11 18:20:18 [INFO]: Database synchronized.
2025-06-11 18:20:18 [INFO]: Server running at http://localhost:3434
2025-06-11 18:23:39 [ERROR]: POST /api/contract - insert or update on table "contracts" violates foreign key constraint "contracts_client_id_fkey"
STACK: Error
    at Query.run (D:\FULLSTACK\one-lans\node_modules\sequelize\lib\dialects\postgres\query.js:50:25)
    at D:\FULLSTACK\one-lans\node_modules\sequelize\lib\sequelize.js:315:28
    at process.processTicksAndRejections (node:internal/process/task_queues:105:5)
    at async PostgresQueryInterface.insert (D:\FULLSTACK\one-lans\node_modules\sequelize\lib\dialects\abstract\query-interface.js:308:21)
    at async model.save (D:\FULLSTACK\one-lans\node_modules\sequelize\lib\model.js:2490:35)
    at async contracts.create (D:\FULLSTACK\one-lans\node_modules\sequelize\lib\model.js:1362:12)
    at async createContract (file:///D:/FULLSTACK/one-lans/controllers/controllers.controller.js:9:22)
2025-06-11 18:25:02 [ERROR]: POST /api/contract - insert or update on table "contracts" violates foreign key constraint "contracts_client_id_fkey"
STACK: Error
    at Query.run (D:\FULLSTACK\one-lans\node_modules\sequelize\lib\dialects\postgres\query.js:50:25)
    at D:\FULLSTACK\one-lans\node_modules\sequelize\lib\sequelize.js:315:28
    at process.processTicksAndRejections (node:internal/process/task_queues:105:5)
    at async PostgresQueryInterface.insert (D:\FULLSTACK\one-lans\node_modules\sequelize\lib\dialects\abstract\query-interface.js:308:21)
    at async model.save (D:\FULLSTACK\one-lans\node_modules\sequelize\lib\model.js:2490:35)
    at async contracts.create (D:\FULLSTACK\one-lans\node_modules\sequelize\lib\model.js:1362:12)
    at async createContract (file:///D:/FULLSTACK/one-lans/controllers/controllers.controller.js:9:22)
2025-06-11 18:26:32 [ERROR]: POST /api/contract - insert or update on table "contracts" violates foreign key constraint "contracts_freelancer_id_fkey"
STACK: Error
    at Query.run (D:\FULLSTACK\one-lans\node_modules\sequelize\lib\dialects\postgres\query.js:50:25)
    at D:\FULLSTACK\one-lans\node_modules\sequelize\lib\sequelize.js:315:28
    at process.processTicksAndRejections (node:internal/process/task_queues:105:5)
    at async PostgresQueryInterface.insert (D:\FULLSTACK\one-lans\node_modules\sequelize\lib\dialects\abstract\query-interface.js:308:21)
    at async model.save (D:\FULLSTACK\one-lans\node_modules\sequelize\lib\model.js:2490:35)
    at async contracts.create (D:\FULLSTACK\one-lans\node_modules\sequelize\lib\model.js:1362:12)
    at async createContract (file:///D:/FULLSTACK/one-lans/controllers/controllers.controller.js:9:22)
2025-06-12 10:43:15 [INFO]: Database connected successfully.
2025-06-12 10:43:16 [INFO]: Database synchronized.
2025-06-12 10:43:16 [INFO]: Server running at http://localhost:3434
2025-06-12 10:45:25 [INFO]: Database connected successfully.
2025-06-12 10:45:25 [INFO]: Database synchronized.
2025-06-12 10:45:25 [INFO]: Server running at http://localhost:3434
2025-06-12 10:45:29 [INFO]: Database connected successfully.
2025-06-12 10:45:30 [INFO]: Database synchronized.
2025-06-12 10:45:30 [INFO]: Server running at http://localhost:3434
2025-06-12 10:46:12 [INFO]: Database connected successfully.
2025-06-12 10:46:13 [INFO]: Database synchronized.
2025-06-12 10:46:13 [INFO]: Server running at http://localhost:3434
2025-06-12 10:46:53 [INFO]: Database connected successfully.
2025-06-12 10:46:54 [INFO]: Database synchronized.
2025-06-12 10:46:54 [INFO]: Server running at http://localhost:3434
2025-06-12 10:47:47 [INFO]: Database connected successfully.
2025-06-12 10:47:48 [INFO]: Database synchronized.
2025-06-12 10:47:48 [INFO]: Server running at http://localhost:3434
2025-06-12 10:47:50 [INFO]: Database connected successfully.
2025-06-12 10:47:50 [INFO]: Database synchronized.
2025-06-12 10:47:50 [INFO]: Server running at http://localhost:3434
2025-06-12 10:48:37 [INFO]: Database connected successfully.
2025-06-12 10:48:38 [INFO]: Database connected successfully.
2025-06-12 10:48:40 [INFO]: Database synchronized.
2025-06-12 10:48:40 [INFO]: Server running at http://localhost:3434
2025-06-12 10:48:53 [INFO]: Database connected successfully.
2025-06-12 10:48:54 [INFO]: Database synchronized.
2025-06-12 10:48:54 [INFO]: Server running at http://localhost:3434
2025-06-12 10:48:55 [INFO]: Database connected successfully.
2025-06-12 10:48:56 [INFO]: Database synchronized.
2025-06-12 10:48:56 [INFO]: Server running at http://localhost:3434
2025-06-12 10:50:53 [INFO]: Database connected successfully.
2025-06-12 10:50:54 [INFO]: Database synchronized.
2025-06-12 10:50:54 [INFO]: Server running at http://localhost:3434
2025-06-12 10:50:58 [INFO]: Database connected successfully.
2025-06-12 10:50:59 [INFO]: Database synchronized.
2025-06-12 10:50:59 [INFO]: Server running at http://localhost:3434
2025-06-12 10:51:01 [INFO]: Database connected successfully.
2025-06-12 10:51:01 [INFO]: Database synchronized.
2025-06-12 10:51:01 [INFO]: Server running at http://localhost:3434
2025-06-12 10:51:04 [INFO]: Database connected successfully.
2025-06-12 10:51:05 [INFO]: Database synchronized.
2025-06-12 10:51:05 [INFO]: Server running at http://localhost:3434
2025-06-12 10:51:09 [INFO]: Database connected successfully.
2025-06-12 10:51:10 [INFO]: Database synchronized.
2025-06-12 10:51:10 [INFO]: Server running at http://localhost:3434
2025-06-12 10:51:15 [INFO]: Database connected successfully.
2025-06-12 10:51:16 [INFO]: Database synchronized.
2025-06-12 10:51:16 [INFO]: Server running at http://localhost:3434
2025-06-12 10:51:32 [INFO]: Database connected successfully.
2025-06-12 10:51:33 [INFO]: Database synchronized.
2025-06-12 10:51:33 [INFO]: Server running at http://localhost:3434
2025-06-12 10:51:46 [INFO]: Database connected successfully.
2025-06-12 10:51:48 [INFO]: Database synchronized.
2025-06-12 10:51:48 [INFO]: Server running at http://localhost:3434
2025-06-12 10:52:55 [INFO]: Database connected successfully.
2025-06-12 10:52:56 [INFO]: Database connected successfully.
2025-06-12 10:52:57 [INFO]: Database synchronized.
2025-06-12 10:52:57 [INFO]: Server running at http://localhost:3434
2025-06-12 10:52:58 [INFO]: Database connected successfully.
2025-06-12 10:53:00 [INFO]: Database synchronized.
2025-06-12 10:53:00 [INFO]: Server running at http://localhost:3434
2025-06-12 10:53:02 [INFO]: Database connected successfully.
2025-06-12 10:53:03 [INFO]: Database synchronized.
2025-06-12 10:53:03 [INFO]: Server running at http://localhost:3434
2025-06-12 10:53:18 [INFO]: Database connected successfully.
2025-06-12 10:53:19 [INFO]: Database synchronized.
2025-06-12 10:53:19 [INFO]: Server running at http://localhost:3434
2025-06-12 10:55:09 [INFO]: Database connected successfully.
2025-06-12 10:55:10 [INFO]: Database synchronized.
2025-06-12 10:55:10 [INFO]: Server running at http://localhost:3434
2025-06-12 10:55:53 [INFO]: Database connected successfully.
2025-06-12 10:55:54 [INFO]: Database synchronized.
2025-06-12 10:55:54 [INFO]: Server running at http://localhost:3434
2025-06-12 10:56:59 [ERROR]: GET /api/review - clients is associated to reviews multiple times. To identify the correct association, you must use the 'as' keyword to specify the alias of the association you want to include.
STACK: SequelizeEagerLoadingError: clients is associated to reviews multiple times. To identify the correct association, you must use the 'as' keyword to specify the alias of the association you want to include.
    at reviews._getIncludedAssociation (D:\FULLSTACK\one-lans\node_modules\sequelize\lib\model.js:580:13)
    at reviews._validateIncludedElement (D:\FULLSTACK\one-lans\node_modules\sequelize\lib\model.js:502:53)
    at D:\FULLSTACK\one-lans\node_modules\sequelize\lib\model.js:421:37
    at Array.map (<anonymous>)
    at reviews._validateIncludedElements (D:\FULLSTACK\one-lans\node_modules\sequelize\lib\model.js:417:39)
    at reviews.findAll (D:\FULLSTACK\one-lans\node_modules\sequelize\lib\model.js:1124:12)
    at async getAllReviews (file:///D:/FULLSTACK/one-lans/controllers/review.controller.js:21:21)
2025-06-12 11:00:19 [INFO]: Database connected successfully.
2025-06-12 11:00:20 [INFO]: Database synchronized.
2025-06-12 11:00:20 [INFO]: Server running at http://localhost:3434
2025-06-12 11:00:23 [INFO]: Database connected successfully.
2025-06-12 11:00:25 [INFO]: Database synchronized.
2025-06-12 11:00:25 [INFO]: Server running at http://localhost:3434
2025-06-12 11:00:35 [INFO]: Database connected successfully.
2025-06-12 11:00:36 [INFO]: Database synchronized.
2025-06-12 11:00:36 [INFO]: Server running at http://localhost:3434
2025-06-12 11:00:56 [INFO]: Database connected successfully.
2025-06-12 11:00:59 [INFO]: Database synchronized.
2025-06-12 11:00:59 [INFO]: Server running at http://localhost:3434
2025-06-12 11:01:05 [INFO]: Database connected successfully.
2025-06-12 11:01:06 [INFO]: Database synchronized.
2025-06-12 11:01:06 [INFO]: Server running at http://localhost:3434
2025-06-12 11:02:55 [INFO]: Database connected successfully.
2025-06-12 11:02:56 [INFO]: Database synchronized.
2025-06-12 11:02:56 [INFO]: Server running at http://localhost:3434
2025-06-12 11:04:44 [ERROR]: POST /api/review - insert or update on table "reviews" violates foreign key constraint "reviews_contract_id_fkey"
STACK: Error
    at Query.run (D:\FULLSTACK\one-lans\node_modules\sequelize\lib\dialects\postgres\query.js:50:25)
    at D:\FULLSTACK\one-lans\node_modules\sequelize\lib\sequelize.js:315:28
    at process.processTicksAndRejections (node:internal/process/task_queues:105:5)
    at async PostgresQueryInterface.insert (D:\FULLSTACK\one-lans\node_modules\sequelize\lib\dialects\abstract\query-interface.js:308:21)
    at async model.save (D:\FULLSTACK\one-lans\node_modules\sequelize\lib\model.js:2490:35)
    at async reviews.create (D:\FULLSTACK\one-lans\node_modules\sequelize\lib\model.js:1362:12)
    at async createReview (file:///D:/FULLSTACK/one-lans/controllers/review.controller.js:8:20)
2025-06-12 11:05:41 [ERROR]: POST /api/review - insert or update on table "reviews" violates foreign key constraint "reviews_contract_id_fkey"
STACK: Error
    at Query.run (D:\FULLSTACK\one-lans\node_modules\sequelize\lib\dialects\postgres\query.js:50:25)
    at D:\FULLSTACK\one-lans\node_modules\sequelize\lib\sequelize.js:315:28
    at process.processTicksAndRejections (node:internal/process/task_queues:105:5)
    at async PostgresQueryInterface.insert (D:\FULLSTACK\one-lans\node_modules\sequelize\lib\dialects\abstract\query-interface.js:308:21)
    at async model.save (D:\FULLSTACK\one-lans\node_modules\sequelize\lib\model.js:2490:35)
    at async reviews.create (D:\FULLSTACK\one-lans\node_modules\sequelize\lib\model.js:1362:12)
    at async createReview (file:///D:/FULLSTACK/one-lans/controllers/review.controller.js:8:20)
2025-06-12 11:13:45 [INFO]: Database connected successfully.
2025-06-12 11:13:46 [INFO]: Database synchronized.
2025-06-12 11:13:46 [INFO]: Server running at http://localhost:3434
2025-06-12 11:13:47 [INFO]: Database connected successfully.
2025-06-12 11:13:49 [INFO]: Database synchronized.
2025-06-12 11:13:49 [INFO]: Server running at http://localhost:3434
2025-06-12 11:14:30 [INFO]: Database connected successfully.
2025-06-12 11:14:32 [INFO]: Database synchronized.
2025-06-12 11:14:32 [INFO]: Server running at http://localhost:3434
2025-06-12 11:14:52 [INFO]: Database connected successfully.
2025-06-12 11:14:53 [INFO]: Database synchronized.
2025-06-12 11:14:53 [INFO]: Server running at http://localhost:3434
2025-06-12 11:14:55 [INFO]: Database connected successfully.
2025-06-12 11:14:57 [INFO]: Database synchronized.
2025-06-12 11:14:57 [INFO]: Server running at http://localhost:3434
2025-06-12 11:15:22 [INFO]: Database connected successfully.
2025-06-12 11:15:23 [INFO]: Database synchronized.
2025-06-12 11:15:23 [INFO]: Server running at http://localhost:3434
2025-06-12 11:17:39 [INFO]: Database connected successfully.
2025-06-12 11:17:40 [INFO]: Database synchronized.
2025-06-12 11:17:40 [INFO]: Server running at http://localhost:3434
2025-06-12 11:21:23 [INFO]: Database connected successfully.
2025-06-12 11:21:24 [INFO]: Database synchronized.
2025-06-12 11:21:24 [INFO]: Server running at http://localhost:3434
2025-06-12 11:22:42 [ERROR]: POST /api/message - notNull Violation: messages.contract_id cannot be null,
notNull Violation: messages.sender_id cannot be null,
notNull Violation: messages.sender_type cannot be null,
notNull Violation: messages.content cannot be null
STACK: SequelizeValidationError: notNull Violation: messages.contract_id cannot be null,
notNull Violation: messages.sender_id cannot be null,
notNull Violation: messages.sender_type cannot be null,
notNull Violation: messages.content cannot be null
    at InstanceValidator._validate (D:\FULLSTACK\one-lans\node_modules\sequelize\lib\instance-validator.js:50:13)
    at async InstanceValidator._validateAndRunHooks (D:\FULLSTACK\one-lans\node_modules\sequelize\lib\instance-validator.js:60:7)
    at async InstanceValidator.validate (D:\FULLSTACK\one-lans\node_modules\sequelize\lib\instance-validator.js:54:12)
    at async model.save (D:\FULLSTACK\one-lans\node_modules\sequelize\lib\model.js:2426:7)
    at async messages.create (D:\FULLSTACK\one-lans\node_modules\sequelize\lib\model.js:1362:12)
    at async createMessage (file:///D:/FULLSTACK/one-lans/controllers/message.controller.js:8:21)
2025-06-12 11:24:12 [ERROR]: POST /api/message - insert or update on table "messages" violates foreign key constraint "messages_contract_id_fkey"
STACK: Error
    at Query.run (D:\FULLSTACK\one-lans\node_modules\sequelize\lib\dialects\postgres\query.js:50:25)
    at D:\FULLSTACK\one-lans\node_modules\sequelize\lib\sequelize.js:315:28
    at process.processTicksAndRejections (node:internal/process/task_queues:105:5)
    at async PostgresQueryInterface.insert (D:\FULLSTACK\one-lans\node_modules\sequelize\lib\dialects\abstract\query-interface.js:308:21)
    at async model.save (D:\FULLSTACK\one-lans\node_modules\sequelize\lib\model.js:2490:35)
    at async messages.create (D:\FULLSTACK\one-lans\node_modules\sequelize\lib\model.js:1362:12)
    at async createMessage (file:///D:/FULLSTACK/one-lans/controllers/message.controller.js:8:21)
2025-06-12 11:34:27 [INFO]: Database connected successfully.
2025-06-12 11:34:30 [INFO]: Database connected successfully.
2025-06-12 11:34:32 [INFO]: Database synchronized.
2025-06-12 11:34:32 [INFO]: Server running at http://localhost:3434
2025-06-12 11:34:34 [INFO]: Database connected successfully.
2025-06-12 11:34:37 [INFO]: Database synchronized.
2025-06-12 11:34:37 [INFO]: Server running at http://localhost:3434
2025-06-12 11:34:56 [INFO]: Database connected successfully.
2025-06-12 11:34:59 [INFO]: Database connected successfully.
2025-06-12 11:35:00 [INFO]: Database synchronized.
2025-06-12 11:35:00 [INFO]: Server running at http://localhost:3434
2025-06-12 11:35:17 [INFO]: Database connected successfully.
2025-06-12 11:35:18 [INFO]: Database synchronized.
2025-06-12 11:35:18 [INFO]: Server running at http://localhost:3434
2025-06-12 11:35:20 [INFO]: Database connected successfully.
2025-06-12 11:35:23 [INFO]: Database synchronized.
2025-06-12 11:35:23 [INFO]: Server running at http://localhost:3434
2025-06-12 11:35:37 [INFO]: Database connected successfully.
2025-06-12 11:35:40 [INFO]: Database connected successfully.
2025-06-12 11:35:41 [INFO]: Database synchronized.
2025-06-12 11:35:41 [INFO]: Server running at http://localhost:3434
2025-06-12 11:35:57 [INFO]: Database connected successfully.
2025-06-12 11:36:02 [INFO]: Database connected successfully.
2025-06-12 11:36:04 [INFO]: Database synchronized.
2025-06-12 11:36:04 [INFO]: Server running at http://localhost:3434
2025-06-12 11:36:30 [INFO]: Database connected successfully.
2025-06-12 11:36:32 [INFO]: Database synchronized.
2025-06-12 11:36:32 [INFO]: Server running at http://localhost:3434
2025-06-12 11:36:47 [INFO]: Database connected successfully.
2025-06-12 11:36:51 [INFO]: Database connected successfully.
2025-06-12 11:36:55 [INFO]: Database connected successfully.
2025-06-12 11:36:57 [INFO]: Database synchronized.
2025-06-12 11:36:57 [INFO]: Server running at http://localhost:3434
2025-06-12 11:36:59 [INFO]: Database connected successfully.
2025-06-12 11:37:01 [INFO]: Database synchronized.
2025-06-12 11:37:01 [INFO]: Server running at http://localhost:3434
2025-06-12 11:37:06 [INFO]: Database connected successfully.
2025-06-12 11:37:09 [INFO]: Database connected successfully.
2025-06-12 11:37:11 [INFO]: Database synchronized.
2025-06-12 11:37:11 [INFO]: Server running at http://localhost:3434
2025-06-12 11:37:16 [INFO]: Database connected successfully.
2025-06-12 11:37:18 [INFO]: Database synchronized.
2025-06-12 11:37:18 [INFO]: Server running at http://localhost:3434
2025-06-12 11:37:21 [INFO]: Database connected successfully.
2025-06-12 11:37:22 [INFO]: Database synchronized.
2025-06-12 11:37:22 [INFO]: Server running at http://localhost:3434
2025-06-12 11:37:24 [INFO]: Database connected successfully.
2025-06-12 11:37:31 [INFO]: Database connected successfully.
2025-06-12 11:37:33 [INFO]: Database connected successfully.
2025-06-12 11:37:35 [INFO]: Database synchronized.
2025-06-12 11:37:35 [INFO]: Server running at http://localhost:3434
2025-06-12 11:37:37 [INFO]: Database connected successfully.
2025-06-12 11:37:40 [INFO]: Database connected successfully.
2025-06-12 11:37:45 [INFO]: Database connected successfully.
2025-06-12 11:37:46 [INFO]: Database connected successfully.
2025-06-12 11:37:47 [INFO]: Database synchronized.
2025-06-12 11:37:47 [INFO]: Server running at http://localhost:3434
2025-06-12 11:41:07 [WARN]: Not Found: /api/payment
2025-06-12 11:42:47 [INFO]: Database connected successfully.
2025-06-12 11:42:50 [INFO]: Database synchronized.
2025-06-12 11:42:50 [INFO]: Server running at http://localhost:3434
2025-06-12 11:44:53 [INFO]: Database connected successfully.
2025-06-12 11:44:56 [INFO]: Database synchronized.
2025-06-12 11:44:56 [INFO]: Server running at http://localhost:3434
2025-06-12 11:47:33 [INFO]: Database connected successfully.
2025-06-12 11:47:36 [INFO]: Database synchronized.
2025-06-12 11:47:36 [INFO]: Server running at http://localhost:3434
2025-06-12 11:48:04 [INFO]: Database connected successfully.
2025-06-12 11:48:06 [INFO]: Database synchronized.
2025-06-12 11:48:06 [INFO]: Server running at http://localhost:3434
2025-06-12 11:48:11 [INFO]: Database connected successfully.
2025-06-12 11:48:14 [INFO]: Database synchronized.
2025-06-12 11:48:14 [INFO]: Server running at http://localhost:3434
2025-06-12 11:48:30 [WARN]: Not Found: /api/payment/remaning/5
2025-06-12 11:52:35 [INFO]: Database connected successfully.
2025-06-12 11:52:40 [INFO]: Database connected successfully.
2025-06-12 11:52:56 [INFO]: Database connected successfully.
2025-06-12 11:52:59 [INFO]: Database synchronized.
2025-06-12 11:52:59 [INFO]: Server running at http://localhost:3434
2025-06-12 11:56:48 [INFO]: Database connected successfully.
2025-06-12 11:56:50 [INFO]: Database synchronized.
2025-06-12 11:56:50 [INFO]: Server running at http://localhost:3434
2025-06-12 11:57:48 [ERROR]: GET /api/services/used?start_date=2024-01-01&end_date=2024-12-31 - column contracts.createdAt does not exist
STACK: Error
    at Query.run (D:\FULLSTACK\one-lans\node_modules\sequelize\lib\dialects\postgres\query.js:50:25)
    at D:\FULLSTACK\one-lans\node_modules\sequelize\lib\sequelize.js:315:28
    at process.processTicksAndRejections (node:internal/process/task_queues:105:5)
    at async PostgresQueryInterface.select (D:\FULLSTACK\one-lans\node_modules\sequelize\lib\dialects\abstract\query-interface.js:407:12)
    at async contracts.findAll (D:\FULLSTACK\one-lans\node_modules\sequelize\lib\model.js:1140:21)
    at async getServicesUsedInDateRange (file:///D:/FULLSTACK/one-lans/controllers/services.controller.js:121:23)
2025-06-12 11:58:20 [INFO]: Database connected successfully.
2025-06-12 11:58:21 [INFO]: Database synchronized.
2025-06-12 11:58:21 [INFO]: Server running at http://localhost:3434
2025-06-12 11:58:32 [ERROR]: GET /api/services/used?start_date=2024-01-01&end_date=2024-12-31 - column contracts.createdAt does not exist
STACK: Error
    at Query.run (D:\FULLSTACK\one-lans\node_modules\sequelize\lib\dialects\postgres\query.js:50:25)
    at D:\FULLSTACK\one-lans\node_modules\sequelize\lib\sequelize.js:315:28
    at process.processTicksAndRejections (node:internal/process/task_queues:105:5)
    at async PostgresQueryInterface.select (D:\FULLSTACK\one-lans\node_modules\sequelize\lib\dialects\abstract\query-interface.js:407:12)
    at async contracts.findAll (D:\FULLSTACK\one-lans\node_modules\sequelize\lib\model.js:1140:21)
    at async getServicesUsedInDateRange (file:///D:/FULLSTACK/one-lans/controllers/services.controller.js:121:23)
2025-06-12 11:59:16 [INFO]: Database connected successfully.
2025-06-12 11:59:17 [INFO]: Database connected successfully.
2025-06-12 11:59:18 [INFO]: Database synchronized.
2025-06-12 11:59:18 [INFO]: Server running at http://localhost:3434
2025-06-12 12:00:28 [INFO]: Database connected successfully.
2025-06-12 12:00:29 [INFO]: Database synchronized.
2025-06-12 12:00:29 [INFO]: Server running at http://localhost:3434
2025-06-12 12:04:27 [INFO]: Database connected successfully.
2025-06-12 12:04:29 [INFO]: Database connected successfully.
2025-06-12 12:04:30 [INFO]: Database synchronized.
2025-06-12 12:04:30 [INFO]: Server running at http://localhost:3434
2025-06-12 12:04:40 [INFO]: Database connected successfully.
2025-06-12 12:04:41 [INFO]: Database synchronized.
2025-06-12 12:04:41 [INFO]: Server running at http://localhost:3434
2025-06-12 12:05:08 [INFO]: Database connected successfully.
2025-06-12 12:05:09 [INFO]: Database synchronized.
2025-06-12 12:05:09 [INFO]: Server running at http://localhost:3434
2025-06-12 12:07:46 [INFO]: Database connected successfully.
2025-06-12 12:07:47 [INFO]: Database synchronized.
2025-06-12 12:07:47 [INFO]: Server running at http://localhost:3434
2025-06-12 12:08:00 [INFO]: Database connected successfully.
2025-06-12 12:08:01 [INFO]: Database synchronized.
2025-06-12 12:08:01 [INFO]: Server running at http://localhost:3434
2025-06-12 12:09:06 [WARN]: Not Found: /api/reports/cancelled-clients?start_date=2024-01-01&end_date=2025-12-31
2025-06-12 12:10:24 [INFO]: Database connected successfully.
2025-06-12 12:10:25 [INFO]: Database synchronized.
2025-06-12 12:10:25 [INFO]: Server running at http://localhost:3434
2025-06-12 12:15:18 [INFO]: Database connected successfully.
2025-06-12 12:15:19 [INFO]: Database synchronized.
2025-06-12 12:15:19 [INFO]: Server running at http://localhost:3434
2025-06-12 12:15:25 [INFO]: Database connected successfully.
2025-06-12 12:15:26 [INFO]: Database synchronized.
2025-06-12 12:15:26 [INFO]: Server running at http://localhost:3434
2025-06-12 12:22:48 [INFO]: Database connected successfully.
2025-06-12 12:22:50 [INFO]: Database synchronized.
2025-06-12 12:22:50 [INFO]: Server running at http://localhost:3434
2025-06-12 12:23:45 [INFO]: Database connected successfully.
2025-06-12 12:23:46 [INFO]: Database connected successfully.
2025-06-12 12:23:47 [INFO]: Database synchronized.
2025-06-12 12:23:47 [INFO]: Server running at http://localhost:3434
2025-06-12 12:24:45 [INFO]: Database connected successfully.
2025-06-12 12:24:47 [INFO]: Database synchronized.
2025-06-12 12:24:47 [INFO]: Server running at http://localhost:3434
2025-06-12 12:24:53 [INFO]: Database connected successfully.
2025-06-12 12:24:54 [INFO]: Database synchronized.
2025-06-12 12:24:54 [INFO]: Server running at http://localhost:3434
2025-06-12 12:25:02 [INFO]: Database connected successfully.
2025-06-12 12:25:03 [INFO]: Database synchronized.
2025-06-12 12:25:03 [INFO]: Server running at http://localhost:3434
2025-06-12 12:25:28 [INFO]: Database connected successfully.
2025-06-12 12:25:29 [INFO]: Database synchronized.
2025-06-12 12:25:29 [INFO]: Server running at http://localhost:3434
2025-06-12 12:26:44 [ERROR]: GET /api/freelancer/topFreelancerByService?service_title=Web - Contract is not defined
STACK: ReferenceError: Contract is not defined
    at getTopFreelancersByService (file:///D:/FULLSTACK/one-lans/controllers/freelancer.controller.js:293:28)
    at Layer.handleRequest (D:\FULLSTACK\one-lans\node_modules\router\lib\layer.js:152:17)
    at next (D:\FULLSTACK\one-lans\node_modules\router\lib\route.js:157:13)
    at Route.dispatch (D:\FULLSTACK\one-lans\node_modules\router\lib\route.js:117:3)
    at handle (D:\FULLSTACK\one-lans\node_modules\router\index.js:435:11)
    at Layer.handleRequest (D:\FULLSTACK\one-lans\node_modules\router\lib\layer.js:152:17)
    at D:\FULLSTACK\one-lans\node_modules\router\index.js:295:15
    at processParams (D:\FULLSTACK\one-lans\node_modules\router\index.js:582:12)
    at next (D:\FULLSTACK\one-lans\node_modules\router\index.js:291:5)
    at Function.handle (D:\FULLSTACK\one-lans\node_modules\router\index.js:186:3)
2025-06-12 12:28:01 [ERROR]: GET /api/freelancer/topFreelancerByService?service_title=test - Contract is not defined
STACK: ReferenceError: Contract is not defined
    at getTopFreelancersByService (file:///D:/FULLSTACK/one-lans/controllers/freelancer.controller.js:293:28)
    at Layer.handleRequest (D:\FULLSTACK\one-lans\node_modules\router\lib\layer.js:152:17)
    at next (D:\FULLSTACK\one-lans\node_modules\router\lib\route.js:157:13)
    at Route.dispatch (D:\FULLSTACK\one-lans\node_modules\router\lib\route.js:117:3)
    at handle (D:\FULLSTACK\one-lans\node_modules\router\index.js:435:11)
    at Layer.handleRequest (D:\FULLSTACK\one-lans\node_modules\router\lib\layer.js:152:17)
    at D:\FULLSTACK\one-lans\node_modules\router\index.js:295:15
    at processParams (D:\FULLSTACK\one-lans\node_modules\router\index.js:582:12)
    at next (D:\FULLSTACK\one-lans\node_modules\router\index.js:291:5)
    at Function.handle (D:\FULLSTACK\one-lans\node_modules\router\index.js:186:3)
2025-06-12 12:29:28 [INFO]: Database connected successfully.
2025-06-12 12:29:30 [INFO]: Database synchronized.
2025-06-12 12:29:30 [INFO]: Server running at http://localhost:3434
2025-06-12 12:29:31 [INFO]: Database connected successfully.
2025-06-12 12:29:32 [INFO]: Database synchronized.
2025-06-12 12:29:32 [INFO]: Server running at http://localhost:3434
2025-06-12 12:29:39 [INFO]: Database connected successfully.
2025-06-12 12:29:40 [INFO]: Database synchronized.
2025-06-12 12:29:40 [INFO]: Server running at http://localhost:3434
2025-06-12 12:30:13 [ERROR]: GET /api/freelancer/topFreelancerByService?service_title=test - Contract is not defined
STACK: ReferenceError: Contract is not defined
    at getTopFreelancersByService (file:///D:/FULLSTACK/one-lans/controllers/freelancer.controller.js:294:28)
    at Layer.handleRequest (D:\FULLSTACK\one-lans\node_modules\router\lib\layer.js:152:17)
    at next (D:\FULLSTACK\one-lans\node_modules\router\lib\route.js:157:13)
    at Route.dispatch (D:\FULLSTACK\one-lans\node_modules\router\lib\route.js:117:3)
    at handle (D:\FULLSTACK\one-lans\node_modules\router\index.js:435:11)
    at Layer.handleRequest (D:\FULLSTACK\one-lans\node_modules\router\lib\layer.js:152:17)
    at D:\FULLSTACK\one-lans\node_modules\router\index.js:295:15
    at processParams (D:\FULLSTACK\one-lans\node_modules\router\index.js:582:12)
    at next (D:\FULLSTACK\one-lans\node_modules\router\index.js:291:5)
    at Function.handle (D:\FULLSTACK\one-lans\node_modules\router\index.js:186:3)
2025-06-12 12:34:37 [INFO]: Database connected successfully.
2025-06-12 12:34:39 [INFO]: Database connected successfully.
2025-06-12 12:34:40 [INFO]: Database synchronized.
2025-06-12 12:34:40 [INFO]: Server running at http://localhost:3434
2025-06-12 12:34:50 [INFO]: Database connected successfully.
2025-06-12 12:34:51 [INFO]: Database synchronized.
2025-06-12 12:34:51 [INFO]: Server running at http://localhost:3434
2025-06-12 12:34:59 [ERROR]: GET /api/freelancer/topFreelancerByService?service_title=test - Contract is not defined
STACK: ReferenceError: Contract is not defined
    at getTopFreelancersByService (file:///D:/FULLSTACK/one-lans/controllers/freelancer.controller.js:294:28)
    at Layer.handleRequest (D:\FULLSTACK\one-lans\node_modules\router\lib\layer.js:152:17)
    at next (D:\FULLSTACK\one-lans\node_modules\router\lib\route.js:157:13)
    at Route.dispatch (D:\FULLSTACK\one-lans\node_modules\router\lib\route.js:117:3)
    at handle (D:\FULLSTACK\one-lans\node_modules\router\index.js:435:11)
    at Layer.handleRequest (D:\FULLSTACK\one-lans\node_modules\router\lib\layer.js:152:17)
    at D:\FULLSTACK\one-lans\node_modules\router\index.js:295:15
    at processParams (D:\FULLSTACK\one-lans\node_modules\router\index.js:582:12)
    at next (D:\FULLSTACK\one-lans\node_modules\router\index.js:291:5)
    at Function.handle (D:\FULLSTACK\one-lans\node_modules\router\index.js:186:3)
2025-06-12 12:35:38 [ERROR]: GET /api/freelancer/topFreelancerByService?service_title=test - Contract is not defined
STACK: ReferenceError: Contract is not defined
    at getTopFreelancersByService (file:///D:/FULLSTACK/one-lans/controllers/freelancer.controller.js:294:28)
    at Layer.handleRequest (D:\FULLSTACK\one-lans\node_modules\router\lib\layer.js:152:17)
    at next (D:\FULLSTACK\one-lans\node_modules\router\lib\route.js:157:13)
    at Route.dispatch (D:\FULLSTACK\one-lans\node_modules\router\lib\route.js:117:3)
    at handle (D:\FULLSTACK\one-lans\node_modules\router\index.js:435:11)
    at Layer.handleRequest (D:\FULLSTACK\one-lans\node_modules\router\lib\layer.js:152:17)
    at D:\FULLSTACK\one-lans\node_modules\router\index.js:295:15
    at processParams (D:\FULLSTACK\one-lans\node_modules\router\index.js:582:12)
    at next (D:\FULLSTACK\one-lans\node_modules\router\index.js:291:5)
    at Function.handle (D:\FULLSTACK\one-lans\node_modules\router\index.js:186:3)
2025-06-12 12:38:09 [INFO]: Database connected successfully.
2025-06-12 12:38:10 [INFO]: Database synchronized.
2025-06-12 12:38:10 [INFO]: Server running at http://localhost:3434
2025-06-12 12:38:12 [ERROR]: GET /api/freelancer/topFreelancerByService?service_title=test - Op is not defined
STACK: ReferenceError: Op is not defined
    at getTopFreelancersByService (file:///D:/FULLSTACK/one-lans/controllers/freelancer.controller.js:300:23)
    at Layer.handleRequest (D:\FULLSTACK\one-lans\node_modules\router\lib\layer.js:152:17)
    at next (D:\FULLSTACK\one-lans\node_modules\router\lib\route.js:157:13)
    at Route.dispatch (D:\FULLSTACK\one-lans\node_modules\router\lib\route.js:117:3)
    at handle (D:\FULLSTACK\one-lans\node_modules\router\index.js:435:11)
    at Layer.handleRequest (D:\FULLSTACK\one-lans\node_modules\router\lib\layer.js:152:17)
    at D:\FULLSTACK\one-lans\node_modules\router\index.js:295:15
    at processParams (D:\FULLSTACK\one-lans\node_modules\router\index.js:582:12)
    at next (D:\FULLSTACK\one-lans\node_modules\router\index.js:291:5)
    at Function.handle (D:\FULLSTACK\one-lans\node_modules\router\index.js:186:3)
2025-06-12 12:38:43 [INFO]: Database connected successfully.
2025-06-12 12:38:44 [INFO]: Database synchronized.
2025-06-12 12:38:44 [INFO]: Server running at http://localhost:3434
2025-06-12 12:38:46 [INFO]: Database connected successfully.
2025-06-12 12:38:47 [INFO]: Database synchronized.
2025-06-12 12:38:47 [INFO]: Server running at http://localhost:3434
2025-06-12 12:38:55 [ERROR]: GET /api/freelancer/topFreelancerByService?service_title=test - sequelize is not defined
STACK: ReferenceError: sequelize is not defined
    at getTopFreelancersByService (file:///D:/FULLSTACK/one-lans/controllers/freelancer.controller.js:312:10)
    at Layer.handleRequest (D:\FULLSTACK\one-lans\node_modules\router\lib\layer.js:152:17)
    at next (D:\FULLSTACK\one-lans\node_modules\router\lib\route.js:157:13)
    at Route.dispatch (D:\FULLSTACK\one-lans\node_modules\router\lib\route.js:117:3)
    at handle (D:\FULLSTACK\one-lans\node_modules\router\index.js:435:11)
    at Layer.handleRequest (D:\FULLSTACK\one-lans\node_modules\router\lib\layer.js:152:17)
    at D:\FULLSTACK\one-lans\node_modules\router\index.js:295:15
    at processParams (D:\FULLSTACK\one-lans\node_modules\router\index.js:582:12)
    at next (D:\FULLSTACK\one-lans\node_modules\router\index.js:291:5)
    at Function.handle (D:\FULLSTACK\one-lans\node_modules\router\index.js:186:3)
2025-06-12 12:39:50 [INFO]: Database connected successfully.
2025-06-12 12:39:52 [INFO]: Database synchronized.
2025-06-12 12:39:52 [INFO]: Server running at http://localhost:3434
2025-06-12 12:40:28 [INFO]: Database connected successfully.
2025-06-12 12:40:30 [INFO]: Database synchronized.
2025-06-12 12:40:30 [INFO]: Server running at http://localhost:3434
2025-06-12 12:40:38 [INFO]: Database connected successfully.
2025-06-12 12:40:39 [INFO]: Database synchronized.
2025-06-12 12:40:39 [INFO]: Server running at http://localhost:3434
2025-06-12 12:40:43 [ERROR]: GET /api/freelancer/topFreelancerByService?service_title=test - column reference "freelancer_id" is ambiguous
STACK: Error
    at Query.run (D:\FULLSTACK\one-lans\node_modules\sequelize\lib\dialects\postgres\query.js:50:25)
    at D:\FULLSTACK\one-lans\node_modules\sequelize\lib\sequelize.js:315:28
    at process.processTicksAndRejections (node:internal/process/task_queues:105:5)
    at async PostgresQueryInterface.select (D:\FULLSTACK\one-lans\node_modules\sequelize\lib\dialects\abstract\query-interface.js:407:12)
    at async contracts.findAll (D:\FULLSTACK\one-lans\node_modules\sequelize\lib\model.js:1140:21)
    at async getTopFreelancersByService (file:///D:/FULLSTACK/one-lans/controllers/freelancer.controller.js:297:28)
2025-06-12 12:42:16 [INFO]: Database connected successfully.
2025-06-12 12:42:17 [INFO]: Database synchronized.
2025-06-12 12:42:17 [INFO]: Server running at http://localhost:3434
2025-06-12 12:42:24 [INFO]: Database connected successfully.
2025-06-12 12:42:25 [INFO]: Database synchronized.
2025-06-12 12:42:25 [INFO]: Server running at http://localhost:3434
2025-06-12 12:56:27 [INFO]: Database connected successfully.
2025-06-12 12:56:28 [INFO]: Database synchronized.
2025-06-12 12:56:28 [INFO]: Server running at http://localhost:3434
2025-06-12 12:57:32 [INFO]: Database connected successfully.
2025-06-12 12:57:33 [INFO]: Database synchronized.
2025-06-12 12:57:33 [INFO]: Server running at http://localhost:3434
2025-06-12 12:57:44 [INFO]: Database connected successfully.
2025-06-12 12:57:45 [INFO]: Database synchronized.
2025-06-12 12:57:45 [INFO]: Server running at http://localhost:3434
2025-06-12 12:59:51 [INFO]: Database connected successfully.
2025-06-12 12:59:52 [INFO]: Database synchronized.
2025-06-12 12:59:52 [INFO]: Server running at http://localhost:3434
2025-06-12 13:00:03 [INFO]: Database connected successfully.
2025-06-12 13:00:05 [INFO]: Database connected successfully.
2025-06-12 13:00:06 [INFO]: Database synchronized.
2025-06-12 13:00:06 [INFO]: Server running at http://localhost:3434
2025-06-12 13:00:08 [INFO]: Database connected successfully.
2025-06-12 13:00:10 [INFO]: Database synchronized.
2025-06-12 13:00:10 [INFO]: Server running at http://localhost:3434
2025-06-12 13:01:06 [INFO]: Database connected successfully.
2025-06-12 13:01:07 [INFO]: Database synchronized.
2025-06-12 13:01:07 [INFO]: Server running at http://localhost:3434
2025-06-12 13:02:02 [INFO]: Database connected successfully.
2025-06-12 13:02:04 [INFO]: Database synchronized.
2025-06-12 13:02:04 [INFO]: Server running at http://localhost:3434
2025-06-12 13:02:06 [INFO]: Database connected successfully.
2025-06-12 13:02:07 [INFO]: Database synchronized.
2025-06-12 13:02:07 [INFO]: Server running at http://localhost:3434
2025-06-12 13:02:09 [INFO]: Database connected successfully.
2025-06-12 13:02:11 [INFO]: Database connected successfully.
2025-06-12 13:02:12 [INFO]: Database connected successfully.
2025-06-12 13:02:14 [INFO]: Database connected successfully.
2025-06-12 13:02:16 [INFO]: Database synchronized.
2025-06-12 13:02:16 [INFO]: Server running at http://localhost:3434
2025-06-12 13:03:03 [INFO]: Database connected successfully.
2025-06-12 13:03:05 [INFO]: Database connected successfully.
2025-06-12 13:03:07 [INFO]: Database connected successfully.
2025-06-12 13:03:09 [INFO]: Database connected successfully.
2025-06-12 13:03:10 [INFO]: Database synchronized.
2025-06-12 13:03:10 [INFO]: Server running at http://localhost:3434
2025-06-12 13:03:11 [INFO]: Database connected successfully.
2025-06-12 13:03:12 [INFO]: Database synchronized.
2025-06-12 13:03:12 [INFO]: Server running at http://localhost:3434
2025-06-12 13:03:44 [INFO]: Database connected successfully.
2025-06-12 13:03:46 [INFO]: Database synchronized.
2025-06-12 13:03:46 [INFO]: Server running at http://localhost:3434
2025-06-12 13:03:55 [INFO]: Database connected successfully.
2025-06-12 13:03:57 [INFO]: Database synchronized.
2025-06-12 13:03:57 [INFO]: Server running at http://localhost:3434
2025-06-12 13:03:57 [INFO]: Database connected successfully.
2025-06-12 13:03:59 [INFO]: Database synchronized.
2025-06-12 13:03:59 [INFO]: Server running at http://localhost:3434
2025-06-12 13:04:00 [INFO]: Database connected successfully.
2025-06-12 13:04:02 [INFO]: Database synchronized.
2025-06-12 13:04:02 [INFO]: Server running at http://localhost:3434
2025-06-12 13:04:15 [INFO]: Database connected successfully.
2025-06-12 13:04:17 [INFO]: Database synchronized.
2025-06-12 13:04:17 [INFO]: Server running at http://localhost:3434
2025-06-12 13:04:40 [INFO]: Database connected successfully.
2025-06-12 13:04:42 [INFO]: Database synchronized.
2025-06-12 13:04:42 [INFO]: Server running at http://localhost:3434
2025-06-12 13:05:09 [INFO]: Database connected successfully.
2025-06-12 13:05:11 [INFO]: Database synchronized.
2025-06-12 13:05:11 [INFO]: Server running at http://localhost:3434
2025-06-12 13:05:14 [INFO]: Database connected successfully.
2025-06-12 13:05:15 [INFO]: Database synchronized.
2025-06-12 13:05:15 [INFO]: Server running at http://localhost:3434
2025-06-12 13:05:17 [INFO]: Database connected successfully.
2025-06-12 13:05:19 [INFO]: Database synchronized.
2025-06-12 13:05:19 [INFO]: Server running at http://localhost:3434
2025-06-12 13:05:20 [INFO]: Database connected successfully.
2025-06-12 13:05:21 [INFO]: Database synchronized.
2025-06-12 13:05:21 [INFO]: Server running at http://localhost:3434
2025-06-12 13:05:26 [INFO]: Database connected successfully.
2025-06-12 13:05:27 [INFO]: Database synchronized.
2025-06-12 13:05:27 [INFO]: Server running at http://localhost:3434
2025-06-12 13:05:29 [INFO]: Database connected successfully.
2025-06-12 13:05:31 [INFO]: Database synchronized.
2025-06-12 13:05:31 [INFO]: Server running at http://localhost:3434
2025-06-12 13:06:13 [INFO]: Database connected successfully.
2025-06-12 13:06:15 [INFO]: Database synchronized.
2025-06-12 13:06:15 [INFO]: Server running at http://localhost:3434
2025-06-12 13:06:17 [INFO]: Database connected successfully.
2025-06-12 13:06:19 [INFO]: Database synchronized.
2025-06-12 13:06:19 [INFO]: Server running at http://localhost:3434
2025-06-12 13:06:28 [INFO]: Database connected successfully.
2025-06-12 13:06:29 [INFO]: Database synchronized.
2025-06-12 13:06:29 [INFO]: Server running at http://localhost:3434
2025-06-12 13:09:13 [INFO]: Database connected successfully.
2025-06-12 13:09:14 [INFO]: Database synchronized.
2025-06-12 13:09:14 [INFO]: Server running at http://localhost:3434
2025-06-12 13:10:20 [INFO]: Database connected successfully.
2025-06-12 13:10:22 [INFO]: Database synchronized.
2025-06-12 13:10:22 [INFO]: Server running at http://localhost:3434
2025-06-12 13:11:10 [INFO]: Database connected successfully.
2025-06-12 13:11:12 [INFO]: Database synchronized.
2025-06-12 13:11:12 [INFO]: Server running at http://localhost:3434
2025-06-12 13:11:13 [INFO]: Database connected successfully.
2025-06-12 13:11:15 [INFO]: Database synchronized.
2025-06-12 13:11:15 [INFO]: Server running at http://localhost:3434
2025-06-12 13:11:16 [INFO]: Database connected successfully.
2025-06-12 13:11:18 [INFO]: Database synchronized.
2025-06-12 13:11:18 [INFO]: Server running at http://localhost:3434
2025-06-12 13:11:46 [INFO]: Database connected successfully.
2025-06-12 13:11:48 [INFO]: Database synchronized.
2025-06-12 13:11:48 [INFO]: Server running at http://localhost:3434
2025-06-12 13:12:02 [INFO]: Database connected successfully.
2025-06-12 13:12:04 [INFO]: Database synchronized.
2025-06-12 13:12:04 [INFO]: Server running at http://localhost:3434
2025-06-12 13:12:10 [INFO]: Database connected successfully.
2025-06-12 13:12:11 [INFO]: Database synchronized.
2025-06-12 13:12:11 [INFO]: Server running at http://localhost:3434
2025-06-12 13:13:13 [INFO]: Database connected successfully.
2025-06-12 13:13:14 [INFO]: Database synchronized.
2025-06-12 13:13:14 [INFO]: Server running at http://localhost:3434
2025-06-12 13:13:19 [INFO]: Database connected successfully.
2025-06-12 13:13:20 [INFO]: Database synchronized.
2025-06-12 13:13:20 [INFO]: Server running at http://localhost:3434
2025-06-12 13:13:24 [INFO]: Database connected successfully.
2025-06-12 13:13:26 [INFO]: Database synchronized.
2025-06-12 13:13:26 [INFO]: Server running at http://localhost:3434
2025-06-12 13:13:27 [INFO]: Database connected successfully.
2025-06-12 13:13:29 [INFO]: Database synchronized.
2025-06-12 13:13:29 [INFO]: Server running at http://localhost:3434
2025-06-12 13:13:31 [INFO]: Database connected successfully.
2025-06-12 13:13:33 [INFO]: Database connected successfully.
2025-06-12 13:13:35 [INFO]: Database synchronized.
2025-06-12 13:13:35 [INFO]: Server running at http://localhost:3434
2025-06-12 13:14:22 [INFO]: Database connected successfully.
2025-06-12 13:14:24 [INFO]: Database synchronized.
2025-06-12 13:14:24 [INFO]: Server running at http://localhost:3434
2025-06-12 13:14:26 [INFO]: Database connected successfully.
2025-06-12 13:14:28 [INFO]: Database synchronized.
2025-06-12 13:14:28 [INFO]: Server running at http://localhost:3434
2025-06-12 13:14:32 [INFO]: Database connected successfully.
2025-06-12 13:14:34 [INFO]: Database synchronized.
2025-06-12 13:14:34 [INFO]: Server running at http://localhost:3434
2025-06-12 13:14:35 [INFO]: Database connected successfully.
2025-06-12 13:14:37 [INFO]: Database synchronized.
2025-06-12 13:14:37 [INFO]: Server running at http://localhost:3434
2025-06-12 13:16:45 [INFO]: Database connected successfully.
2025-06-12 13:16:46 [INFO]: Database synchronized.
2025-06-12 13:16:46 [INFO]: Server running at http://localhost:3434
2025-06-12 13:16:53 [INFO]: Database connected successfully.
2025-06-12 13:16:53 [INFO]: Database synchronized.
2025-06-12 13:16:53 [INFO]: Server running at http://localhost:3434
2025-06-12 13:41:26 [INFO]: Database connected successfully.
2025-06-12 13:41:26 [INFO]: Database synchronized.
2025-06-12 13:41:26 [INFO]: Server running at http://localhost:3434
2025-06-12 13:41:46 [INFO]: Database connected successfully.
2025-06-12 13:41:46 [INFO]: Database synchronized.
2025-06-12 13:41:46 [INFO]: Server running at http://localhost:3434
2025-06-12 13:41:54 [INFO]: Database connected successfully.
2025-06-12 13:41:55 [INFO]: Database synchronized.
2025-06-12 13:41:55 [INFO]: Server running at http://localhost:3434
2025-06-12 13:41:57 [INFO]: Database connected successfully.
2025-06-12 13:41:57 [INFO]: Database synchronized.
2025-06-12 13:41:57 [INFO]: Server running at http://localhost:3434
2025-06-12 13:42:04 [INFO]: Database connected successfully.
2025-06-12 13:42:04 [INFO]: Database synchronized.
2025-06-12 13:42:04 [INFO]: Server running at http://localhost:3434
2025-06-12 13:43:17 [ERROR]: POST /api/services - insert or update on table "services" violates foreign key constraint "services_freelancer_id_fkey"
STACK: Error
    at Query.run (D:\FULLSTACK\one-lans\node_modules\sequelize\lib\dialects\postgres\query.js:50:25)
    at D:\FULLSTACK\one-lans\node_modules\sequelize\lib\sequelize.js:315:28
    at process.processTicksAndRejections (node:internal/process/task_queues:105:5)
    at async PostgresQueryInterface.insert (D:\FULLSTACK\one-lans\node_modules\sequelize\lib\dialects\abstract\query-interface.js:308:21)
    at async model.save (D:\FULLSTACK\one-lans\node_modules\sequelize\lib\model.js:2490:35)
    at async services.create (D:\FULLSTACK\one-lans\node_modules\sequelize\lib\model.js:1362:12)
    at async createService (file:///D:/FULLSTACK/one-lans/controllers/services.controller.js:9:21)
2025-06-12 13:43:43 [INFO]: Database connected successfully.
2025-06-12 13:43:43 [INFO]: Database synchronized.
2025-06-12 13:43:43 [INFO]: Server running at http://localhost:3434
2025-06-12 13:44:48 [ERROR]: POST /api/contract - insert or update on table "contracts" violates foreign key constraint "contracts_client_id_fkey"
STACK: Error
    at Query.run (D:\FULLSTACK\one-lans\node_modules\sequelize\lib\dialects\postgres\query.js:50:25)
    at D:\FULLSTACK\one-lans\node_modules\sequelize\lib\sequelize.js:315:28
    at process.processTicksAndRejections (node:internal/process/task_queues:105:5)
    at async PostgresQueryInterface.insert (D:\FULLSTACK\one-lans\node_modules\sequelize\lib\dialects\abstract\query-interface.js:308:21)
    at async model.save (D:\FULLSTACK\one-lans\node_modules\sequelize\lib\model.js:2490:35)
    at async contracts.create (D:\FULLSTACK\one-lans\node_modules\sequelize\lib\model.js:1362:12)
    at async createContract (file:///D:/FULLSTACK/one-lans/controllers/contract.controller.js:9:22)
2025-06-12 13:45:00 [ERROR]: POST /api/contract - insert or update on table "contracts" violates foreign key constraint "contracts_client_id_fkey"
STACK: Error
    at Query.run (D:\FULLSTACK\one-lans\node_modules\sequelize\lib\dialects\postgres\query.js:50:25)
    at D:\FULLSTACK\one-lans\node_modules\sequelize\lib\sequelize.js:315:28
    at process.processTicksAndRejections (node:internal/process/task_queues:105:5)
    at async PostgresQueryInterface.insert (D:\FULLSTACK\one-lans\node_modules\sequelize\lib\dialects\abstract\query-interface.js:308:21)
    at async model.save (D:\FULLSTACK\one-lans\node_modules\sequelize\lib\model.js:2490:35)
    at async contracts.create (D:\FULLSTACK\one-lans\node_modules\sequelize\lib\model.js:1362:12)
    at async createContract (file:///D:/FULLSTACK/one-lans/controllers/contract.controller.js:9:22)
2025-06-12 13:45:05 [ERROR]: POST /api/contract - insert or update on table "contracts" violates foreign key constraint "contracts_service_id_fkey"
STACK: Error
    at Query.run (D:\FULLSTACK\one-lans\node_modules\sequelize\lib\dialects\postgres\query.js:50:25)
    at D:\FULLSTACK\one-lans\node_modules\sequelize\lib\sequelize.js:315:28
    at process.processTicksAndRejections (node:internal/process/task_queues:105:5)
    at async PostgresQueryInterface.insert (D:\FULLSTACK\one-lans\node_modules\sequelize\lib\dialects\abstract\query-interface.js:308:21)
    at async model.save (D:\FULLSTACK\one-lans\node_modules\sequelize\lib\model.js:2490:35)
    at async contracts.create (D:\FULLSTACK\one-lans\node_modules\sequelize\lib\model.js:1362:12)
    at async createContract (file:///D:/FULLSTACK/one-lans/controllers/contract.controller.js:9:22)
2025-06-12 13:46:24 [ERROR]: POST /api/review - insert or update on table "reviews" violates foreign key constraint "reviews_contract_id_fkey"
STACK: Error
    at Query.run (D:\FULLSTACK\one-lans\node_modules\sequelize\lib\dialects\postgres\query.js:50:25)
    at D:\FULLSTACK\one-lans\node_modules\sequelize\lib\sequelize.js:315:28
    at process.processTicksAndRejections (node:internal/process/task_queues:105:5)
    at async PostgresQueryInterface.insert (D:\FULLSTACK\one-lans\node_modules\sequelize\lib\dialects\abstract\query-interface.js:308:21)
    at async model.save (D:\FULLSTACK\one-lans\node_modules\sequelize\lib\model.js:2490:35)
    at async reviews.create (D:\FULLSTACK\one-lans\node_modules\sequelize\lib\model.js:1362:12)
    at async createReview (file:///D:/FULLSTACK/one-lans/controllers/review.controller.js:8:20)
2025-06-12 13:46:36 [ERROR]: POST /api/review - insert or update on table "reviews" violates foreign key constraint "reviews_contract_id_fkey"
STACK: Error
    at Query.run (D:\FULLSTACK\one-lans\node_modules\sequelize\lib\dialects\postgres\query.js:50:25)
    at D:\FULLSTACK\one-lans\node_modules\sequelize\lib\sequelize.js:315:28
    at process.processTicksAndRejections (node:internal/process/task_queues:105:5)
    at async PostgresQueryInterface.insert (D:\FULLSTACK\one-lans\node_modules\sequelize\lib\dialects\abstract\query-interface.js:308:21)
    at async model.save (D:\FULLSTACK\one-lans\node_modules\sequelize\lib\model.js:2490:35)
    at async reviews.create (D:\FULLSTACK\one-lans\node_modules\sequelize\lib\model.js:1362:12)
    at async createReview (file:///D:/FULLSTACK/one-lans/controllers/review.controller.js:8:20)
2025-06-12 13:47:34 [ERROR]: POST /api/message - insert or update on table "messages" violates foreign key constraint "messages_contract_id_fkey"
STACK: Error
    at Query.run (D:\FULLSTACK\one-lans\node_modules\sequelize\lib\dialects\postgres\query.js:50:25)
    at D:\FULLSTACK\one-lans\node_modules\sequelize\lib\sequelize.js:315:28
    at process.processTicksAndRejections (node:internal/process/task_queues:105:5)
    at async PostgresQueryInterface.insert (D:\FULLSTACK\one-lans\node_modules\sequelize\lib\dialects\abstract\query-interface.js:308:21)
    at async model.save (D:\FULLSTACK\one-lans\node_modules\sequelize\lib\model.js:2490:35)
    at async messages.create (D:\FULLSTACK\one-lans\node_modules\sequelize\lib\model.js:1362:12)
    at async createMessage (file:///D:/FULLSTACK/one-lans/controllers/message.controller.js:8:21)
2025-06-12 13:50:04 [INFO]: Database connected successfully.
2025-06-12 13:50:04 [INFO]: Database synchronized.
2025-06-12 13:50:04 [INFO]: Server running at http://localhost:3434
2025-06-12 13:55:35 [INFO]: Database connected successfully.
2025-06-12 13:55:35 [INFO]: Database synchronized.
2025-06-12 13:55:35 [INFO]: Server running at http://localhost:3434
2025-06-12 13:55:36 [INFO]: Database connected successfully.
2025-06-12 13:55:38 [INFO]: Database synchronized.
2025-06-12 13:55:38 [INFO]: Server running at http://localhost:3434
2025-06-12 13:59:03 [INFO]: Database connected successfully.
2025-06-12 13:59:03 [INFO]: Database synchronized.
2025-06-12 13:59:03 [INFO]: Server running at http://localhost:3434
2025-06-12 13:59:10 [INFO]: Database connected successfully.
2025-06-12 13:59:10 [INFO]: Database synchronized.
2025-06-12 13:59:10 [INFO]: Server running at http://localhost:3434
2025-06-12 13:59:11 [INFO]: Database connected successfully.
2025-06-12 13:59:11 [INFO]: Database synchronized.
2025-06-12 13:59:11 [INFO]: Server running at http://localhost:3434
2025-06-12 13:59:27 [INFO]: Database connected successfully.
2025-06-12 13:59:28 [INFO]: Database synchronized.
2025-06-12 13:59:28 [INFO]: Server running at http://localhost:3434
2025-06-12 13:59:31 [INFO]: Database connected successfully.
2025-06-12 13:59:31 [INFO]: Database synchronized.
2025-06-12 13:59:31 [INFO]: Server running at http://localhost:3434
2025-06-12 14:00:40 [INFO]: Database connected successfully.
2025-06-12 14:00:40 [INFO]: Database synchronized.
2025-06-12 14:00:40 [INFO]: Server running at http://localhost:3434
